;  LST file generated by mikroListExporter - v.2.0 
; Date/Time: 22.12.2023 11:55:19
;----------------------------------------------

;Address Opcode 	ASM
0x0000	0x2A3C      	GOTO       572
_Delay_1us:
;__Lib_Delays.c,7 :: 		void Delay_1us() {
;__Lib_Delays.c,8 :: 		Delay_us(1);
0x0003	0x0000      	NOP
0x0004	0x0000      	NOP
;__Lib_Delays.c,9 :: 		}
L_end_Delay_1us:
0x0005	0x0008      	RETURN
; end of _Delay_1us
_Delay_50us:
;__Lib_Delays.c,19 :: 		void Delay_50us() {
;__Lib_Delays.c,20 :: 		Delay_us(50);
0x0006	0x3021      	MOVLW      33
0x0007	0x1283      	BCF        STATUS, 5
0x0008	0x1303      	BCF        STATUS, 6
0x0009	0x00FD      	MOVWF      R13
L_Delay_50us2:
0x000A	0x0BFD      	DECFSZ     R13, 1
0x000B	0x280A      	GOTO       L_Delay_50us2
;__Lib_Delays.c,21 :: 		}
L_end_Delay_50us:
0x000C	0x0008      	RETURN
; end of _Delay_50us
_Delay_5500us:
;__Lib_Delays.c,31 :: 		void Delay_5500us() {
;__Lib_Delays.c,32 :: 		Delay_us(5500);
0x000D	0x300F      	MOVLW      15
0x000E	0x1283      	BCF        STATUS, 5
0x000F	0x1303      	BCF        STATUS, 6
0x0010	0x00FC      	MOVWF      R12
0x0011	0x3047      	MOVLW      71
0x0012	0x00FD      	MOVWF      R13
L_Delay_5500us5:
0x0013	0x0BFD      	DECFSZ     R13, 1
0x0014	0x2813      	GOTO       L_Delay_5500us5
0x0015	0x0BFC      	DECFSZ     R12, 1
0x0016	0x2813      	GOTO       L_Delay_5500us5
0x0017	0x0000      	NOP
0x0018	0x0000      	NOP
;__Lib_Delays.c,33 :: 		}
L_end_Delay_5500us:
0x0019	0x0008      	RETURN
; end of _Delay_5500us
_Div_16X16_U:
;__Lib_Math.c,215 :: 		
;__Lib_Math.c,222 :: 		
0x001A	0x1283      	BCF        STATUS, 5
;__Lib_Math.c,223 :: 		
0x001B	0x1303      	BCF        STATUS, 6
;__Lib_Math.c,224 :: 		
0x001C	0x01F8      	CLRF       R8
;__Lib_Math.c,225 :: 		
0x001D	0x01F9      	CLRF       R9
;__Lib_Math.c,226 :: 		
0x001E	0x3010      	MOVLW      16
;__Lib_Math.c,227 :: 		
0x001F	0x00FC      	MOVWF      R12
;__Lib_Math.c,228 :: 		
0x0020	0x0D71      	RLF        R1, 0
;__Lib_Math.c,229 :: 		
0x0021	0x0DF8      	RLF        R8, 1
;__Lib_Math.c,230 :: 		
0x0022	0x0DF9      	RLF        R9, 1
;__Lib_Math.c,231 :: 		
0x0023	0x0874      	MOVF       R4, 0
;__Lib_Math.c,232 :: 		
0x0024	0x02F8      	SUBWF      R8, 1
;__Lib_Math.c,233 :: 		
0x0025	0x0875      	MOVF       R5, 0
;__Lib_Math.c,234 :: 		
0x0026	0x1C03      	BTFSS      STATUS, 0
;__Lib_Math.c,235 :: 		
0x0027	0x0F75      	INCFSZ     R5, 0
;__Lib_Math.c,236 :: 		
0x0028	0x02F9      	SUBWF      R9, 1
;__Lib_Math.c,237 :: 		
0x0029	0x1803      	BTFSC      STATUS, 0
;__Lib_Math.c,238 :: 		
0x002A	0x2832      	GOTO       $+8
;__Lib_Math.c,239 :: 		
0x002B	0x0874      	MOVF       R4, 0
;__Lib_Math.c,240 :: 		
0x002C	0x07F8      	ADDWF      R8, 1
;__Lib_Math.c,241 :: 		
0x002D	0x0875      	MOVF       R5, 0
;__Lib_Math.c,242 :: 		
0x002E	0x1803      	BTFSC      STATUS, 0
;__Lib_Math.c,243 :: 		
0x002F	0x0F75      	INCFSZ     R5, 0
;__Lib_Math.c,244 :: 		
0x0030	0x07F9      	ADDWF      R9, 1
;__Lib_Math.c,245 :: 		
0x0031	0x1003      	BCF        STATUS, 0
;__Lib_Math.c,246 :: 		
0x0032	0x0DF0      	RLF        R0, 1
;__Lib_Math.c,247 :: 		
0x0033	0x0DF1      	RLF        R1, 1
;__Lib_Math.c,248 :: 		
0x0034	0x0BFC      	DECFSZ     R12, 1
;__Lib_Math.c,249 :: 		
0x0035	0x2820      	GOTO       $-21
;__Lib_Math.c,251 :: 		
L_end_Div_16X16_U:
0x0036	0x0008      	RETURN
; end of _Div_16X16_U
_Lcd_Cmd:
;__Lib_Lcd.c,18 :: 		
;__Lib_Lcd.c,20 :: 		
0x0037	0x1283      	BCF        STATUS, 5
0x0038	0x1703      	BSF        STATUS, 6
0x0039	0x1BD7      	BTFSC      FARG_Lcd_Cmd_out_char, 7
0x003A	0x283E      	GOTO       L__Lcd_Cmd21
0x003B	0x1303      	BCF        STATUS, 6
0x003C	0x1288      	BCF        LCD_D7, BitPos(LCD_D7+0)
0x003D	0x2840      	GOTO       L__Lcd_Cmd22
L__Lcd_Cmd21:
0x003E	0x1303      	BCF        STATUS, 6
0x003F	0x1688      	BSF        LCD_D7, BitPos(LCD_D7+0)
L__Lcd_Cmd22:
;__Lib_Lcd.c,21 :: 		
0x0040	0x1703      	BSF        STATUS, 6
0x0041	0x1B57      	BTFSC      FARG_Lcd_Cmd_out_char, 6
0x0042	0x2846      	GOTO       L__Lcd_Cmd23
0x0043	0x1303      	BCF        STATUS, 6
0x0044	0x1208      	BCF        LCD_D6, BitPos(LCD_D6+0)
0x0045	0x2848      	GOTO       L__Lcd_Cmd24
L__Lcd_Cmd23:
0x0046	0x1303      	BCF        STATUS, 6
0x0047	0x1608      	BSF        LCD_D6, BitPos(LCD_D6+0)
L__Lcd_Cmd24:
;__Lib_Lcd.c,22 :: 		
0x0048	0x1703      	BSF        STATUS, 6
0x0049	0x1AD7      	BTFSC      FARG_Lcd_Cmd_out_char, 5
0x004A	0x284E      	GOTO       L__Lcd_Cmd25
0x004B	0x1303      	BCF        STATUS, 6
0x004C	0x1188      	BCF        LCD_D5, BitPos(LCD_D5+0)
0x004D	0x2850      	GOTO       L__Lcd_Cmd26
L__Lcd_Cmd25:
0x004E	0x1303      	BCF        STATUS, 6
0x004F	0x1588      	BSF        LCD_D5, BitPos(LCD_D5+0)
L__Lcd_Cmd26:
;__Lib_Lcd.c,23 :: 		
0x0050	0x1703      	BSF        STATUS, 6
0x0051	0x1A57      	BTFSC      FARG_Lcd_Cmd_out_char, 4
0x0052	0x2856      	GOTO       L__Lcd_Cmd27
0x0053	0x1303      	BCF        STATUS, 6
0x0054	0x1108      	BCF        LCD_D4, BitPos(LCD_D4+0)
0x0055	0x2858      	GOTO       L__Lcd_Cmd28
L__Lcd_Cmd27:
0x0056	0x1303      	BCF        STATUS, 6
0x0057	0x1508      	BSF        LCD_D4, BitPos(LCD_D4+0)
L__Lcd_Cmd28:
;__Lib_Lcd.c,25 :: 		
0x0058	0x1683      	BSF        STATUS, 5
0x0059	0x186D      	BTFSC      __Lib_Lcd_cmd_status, BitPos(__Lib_Lcd_cmd_status+0)
0x005A	0x285E      	GOTO       L__Lcd_Cmd29
0x005B	0x1283      	BCF        STATUS, 5
0x005C	0x1408      	BSF        LCD_RS, BitPos(LCD_RS+0)
0x005D	0x2860      	GOTO       L__Lcd_Cmd30
L__Lcd_Cmd29:
0x005E	0x1283      	BCF        STATUS, 5
0x005F	0x1008      	BCF        LCD_RS, BitPos(LCD_RS+0)
L__Lcd_Cmd30:
;__Lib_Lcd.c,28 :: 		
0x0060	0x1488      	BSF        LCD_EN, BitPos(LCD_EN+0)
;__Lib_Lcd.c,29 :: 		
0x0061	0x2003      	CALL       _Delay_1us
;__Lib_Lcd.c,30 :: 		
0x0062	0x1088      	BCF        LCD_EN, BitPos(LCD_EN+0)
;__Lib_Lcd.c,33 :: 		
0x0063	0x1703      	BSF        STATUS, 6
0x0064	0x19D7      	BTFSC      FARG_Lcd_Cmd_out_char, 3
0x0065	0x2869      	GOTO       L__Lcd_Cmd31
0x0066	0x1303      	BCF        STATUS, 6
0x0067	0x1288      	BCF        LCD_D7, BitPos(LCD_D7+0)
0x0068	0x286B      	GOTO       L__Lcd_Cmd32
L__Lcd_Cmd31:
0x0069	0x1303      	BCF        STATUS, 6
0x006A	0x1688      	BSF        LCD_D7, BitPos(LCD_D7+0)
L__Lcd_Cmd32:
;__Lib_Lcd.c,34 :: 		
0x006B	0x1703      	BSF        STATUS, 6
0x006C	0x1957      	BTFSC      FARG_Lcd_Cmd_out_char, 2
0x006D	0x2871      	GOTO       L__Lcd_Cmd33
0x006E	0x1303      	BCF        STATUS, 6
0x006F	0x1208      	BCF        LCD_D6, BitPos(LCD_D6+0)
0x0070	0x2873      	GOTO       L__Lcd_Cmd34
L__Lcd_Cmd33:
0x0071	0x1303      	BCF        STATUS, 6
0x0072	0x1608      	BSF        LCD_D6, BitPos(LCD_D6+0)
L__Lcd_Cmd34:
;__Lib_Lcd.c,35 :: 		
0x0073	0x1703      	BSF        STATUS, 6
0x0074	0x18D7      	BTFSC      FARG_Lcd_Cmd_out_char, 1
0x0075	0x2879      	GOTO       L__Lcd_Cmd35
0x0076	0x1303      	BCF        STATUS, 6
0x0077	0x1188      	BCF        LCD_D5, BitPos(LCD_D5+0)
0x0078	0x287B      	GOTO       L__Lcd_Cmd36
L__Lcd_Cmd35:
0x0079	0x1303      	BCF        STATUS, 6
0x007A	0x1588      	BSF        LCD_D5, BitPos(LCD_D5+0)
L__Lcd_Cmd36:
;__Lib_Lcd.c,36 :: 		
0x007B	0x1703      	BSF        STATUS, 6
0x007C	0x1857      	BTFSC      FARG_Lcd_Cmd_out_char, 0
0x007D	0x2881      	GOTO       L__Lcd_Cmd37
0x007E	0x1303      	BCF        STATUS, 6
0x007F	0x1108      	BCF        LCD_D4, BitPos(LCD_D4+0)
0x0080	0x2883      	GOTO       L__Lcd_Cmd38
L__Lcd_Cmd37:
0x0081	0x1303      	BCF        STATUS, 6
0x0082	0x1508      	BSF        LCD_D4, BitPos(LCD_D4+0)
L__Lcd_Cmd38:
;__Lib_Lcd.c,38 :: 		
0x0083	0x1683      	BSF        STATUS, 5
0x0084	0x186D      	BTFSC      __Lib_Lcd_cmd_status, BitPos(__Lib_Lcd_cmd_status+0)
0x0085	0x2889      	GOTO       L__Lcd_Cmd39
0x0086	0x1283      	BCF        STATUS, 5
0x0087	0x1408      	BSF        LCD_RS, BitPos(LCD_RS+0)
0x0088	0x288B      	GOTO       L__Lcd_Cmd40
L__Lcd_Cmd39:
0x0089	0x1283      	BCF        STATUS, 5
0x008A	0x1008      	BCF        LCD_RS, BitPos(LCD_RS+0)
L__Lcd_Cmd40:
;__Lib_Lcd.c,40 :: 		
0x008B	0x1488      	BSF        LCD_EN, BitPos(LCD_EN+0)
;__Lib_Lcd.c,41 :: 		
0x008C	0x2003      	CALL       _Delay_1us
;__Lib_Lcd.c,42 :: 		
0x008D	0x1088      	BCF        LCD_EN, BitPos(LCD_EN+0)
;__Lib_Lcd.c,44 :: 		
0x008E	0x1683      	BSF        STATUS, 5
0x008F	0x1C6D      	BTFSS      __Lib_Lcd_cmd_status, BitPos(__Lib_Lcd_cmd_status+0)
0x0090	0x2893      	GOTO       L_Lcd_Cmd0
;__Lib_Lcd.c,45 :: 		
0x0091	0x200D      	CALL       _Delay_5500us
0x0092	0x2894      	GOTO       L_Lcd_Cmd1
L_Lcd_Cmd0:
;__Lib_Lcd.c,47 :: 		
0x0093	0x2006      	CALL       _Delay_50us
L_Lcd_Cmd1:
;__Lib_Lcd.c,48 :: 		
L_end_Lcd_Cmd:
0x0094	0x0008      	RETURN
; end of _Lcd_Cmd
_Delay_22us:
;__Lib_Delays.c,15 :: 		void Delay_22us() {
;__Lib_Delays.c,16 :: 		Delay_us(22);
0x0095	0x300E      	MOVLW      14
0x0096	0x1283      	BCF        STATUS, 5
0x0097	0x1303      	BCF        STATUS, 6
0x0098	0x00FD      	MOVWF      R13
L_Delay_22us1:
0x0099	0x0BFD      	DECFSZ     R13, 1
0x009A	0x2899      	GOTO       L_Delay_22us1
0x009B	0x0000      	NOP
;__Lib_Delays.c,17 :: 		}
L_end_Delay_22us:
0x009C	0x0008      	RETURN
; end of _Delay_22us
_Lcd_Chr_CP:
;__Lib_Lcd.c,50 :: 		
;__Lib_Lcd.c,52 :: 		
0x009D	0x1683      	BSF        STATUS, 5
0x009E	0x1303      	BCF        STATUS, 6
0x009F	0x106D      	BCF        __Lib_Lcd_cmd_status, BitPos(__Lib_Lcd_cmd_status+0)
;__Lib_Lcd.c,53 :: 		
0x00A0	0x1283      	BCF        STATUS, 5
0x00A1	0x1703      	BSF        STATUS, 6
0x00A2	0x0852      	MOVF       FARG_Lcd_Chr_CP_out_char, 0
0x00A3	0x00D7      	MOVWF      FARG_Lcd_Cmd_out_char
0x00A4	0x2037      	CALL       _Lcd_Cmd
;__Lib_Lcd.c,54 :: 		
0x00A5	0x1683      	BSF        STATUS, 5
0x00A6	0x146D      	BSF        __Lib_Lcd_cmd_status, BitPos(__Lib_Lcd_cmd_status+0)
;__Lib_Lcd.c,55 :: 		
L_end_Lcd_Chr_CP:
0x00A7	0x0008      	RETURN
; end of _Lcd_Chr_CP
_WordToStr:
;__Lib_Conversions.c,98 :: 		
;__Lib_Conversions.c,103 :: 		
0x00A8	0x1283      	BCF        STATUS, 5
0x00A9	0x1703      	BSF        STATUS, 6
0x00AA	0x01D5      	CLRF       WordToStr_len_L0
L_WordToStr11:
0x00AB	0x3005      	MOVLW      5
0x00AC	0x0255      	SUBWF      WordToStr_len_L0, 0
0x00AD	0x1803      	BTFSC      STATUS, 0
0x00AE	0x28B6      	GOTO       L_WordToStr12
;__Lib_Conversions.c,104 :: 		
0x00AF	0x0855      	MOVF       WordToStr_len_L0, 0
0x00B0	0x0754      	ADDWF      FARG_WordToStr_output, 0
0x00B1	0x0084      	MOVWF      FSR
0x00B2	0x3020      	MOVLW      32
0x00B3	0x0080      	MOVWF      INDF
;__Lib_Conversions.c,103 :: 		
0x00B4	0x0AD5      	INCF       WordToStr_len_L0, 1
;__Lib_Conversions.c,104 :: 		
0x00B5	0x28AB      	GOTO       L_WordToStr11
L_WordToStr12:
;__Lib_Conversions.c,105 :: 		
0x00B6	0x0855      	MOVF       WordToStr_len_L0, 0
0x00B7	0x0754      	ADDWF      FARG_WordToStr_output, 0
0x00B8	0x0084      	MOVWF      FSR
0x00B9	0x0180      	CLRF       INDF
0x00BA	0x03D5      	DECF       WordToStr_len_L0, 1
;__Lib_Conversions.c,107 :: 		
L_WordToStr14:
;__Lib_Conversions.c,108 :: 		
0x00BB	0x0855      	MOVF       WordToStr_len_L0, 0
0x00BC	0x0754      	ADDWF      FARG_WordToStr_output, 0
0x00BD	0x00D6      	MOVWF      FLOC__WordToStr
0x00BE	0x300A      	MOVLW      10
0x00BF	0x00F4      	MOVWF      R4
0x00C0	0x01F5      	CLRF       R4+1
0x00C1	0x0852      	MOVF       FARG_WordToStr_input, 0
0x00C2	0x00F0      	MOVWF      R0
0x00C3	0x0853      	MOVF       FARG_WordToStr_input+1, 0
0x00C4	0x00F1      	MOVWF      R0+1
0x00C5	0x201A      	CALL       _Div_16X16_U
0x00C6	0x0878      	MOVF       R8, 0
0x00C7	0x00F0      	MOVWF      R0
0x00C8	0x0879      	MOVF       R8+1, 0
0x00C9	0x00F1      	MOVWF      R0+1
0x00CA	0x3030      	MOVLW      48
0x00CB	0x07F0      	ADDWF      R0, 1
0x00CC	0x1703      	BSF        STATUS, 6
0x00CD	0x0856      	MOVF       FLOC__WordToStr, 0
0x00CE	0x0084      	MOVWF      FSR
0x00CF	0x0870      	MOVF       R0, 0
0x00D0	0x0080      	MOVWF      INDF
;__Lib_Conversions.c,109 :: 		
0x00D1	0x300A      	MOVLW      10
0x00D2	0x00F4      	MOVWF      R4
0x00D3	0x01F5      	CLRF       R4+1
0x00D4	0x0852      	MOVF       FARG_WordToStr_input, 0
0x00D5	0x00F0      	MOVWF      R0
0x00D6	0x0853      	MOVF       FARG_WordToStr_input+1, 0
0x00D7	0x00F1      	MOVWF      R0+1
0x00D8	0x201A      	CALL       _Div_16X16_U
0x00D9	0x0870      	MOVF       R0, 0
0x00DA	0x1703      	BSF        STATUS, 6
0x00DB	0x00D2      	MOVWF      FARG_WordToStr_input
0x00DC	0x0871      	MOVF       R0+1, 0
0x00DD	0x00D3      	MOVWF      FARG_WordToStr_input+1
;__Lib_Conversions.c,110 :: 		
0x00DE	0x3000      	MOVLW      0
0x00DF	0x0671      	XORWF      R0+1, 0
0x00E0	0x1D03      	BTFSS      STATUS, 2
0x00E1	0x28E4      	GOTO       L__WordToStr379
0x00E2	0x3000      	MOVLW      0
0x00E3	0x0670      	XORWF      R0, 0
L__WordToStr379:
0x00E4	0x1D03      	BTFSS      STATUS, 2
0x00E5	0x28E7      	GOTO       L_WordToStr16
;__Lib_Conversions.c,111 :: 		
0x00E6	0x28E9      	GOTO       L_WordToStr15
L_WordToStr16:
;__Lib_Conversions.c,112 :: 		
0x00E7	0x03D5      	DECF       WordToStr_len_L0, 1
;__Lib_Conversions.c,113 :: 		
0x00E8	0x28BB      	GOTO       L_WordToStr14
L_WordToStr15:
;__Lib_Conversions.c,114 :: 		
L_end_WordToStr:
0x00E9	0x0008      	RETURN
; end of _WordToStr
_____DoICP:
;__Lib_System.c,6 :: 		
;__Lib_System.c,9 :: 		
0x00EA	0x1283      	BCF        STATUS, 5
0x00EB	0x1303      	BCF        STATUS, 6
0x00EC	0x086F      	MOVF       ___DoICPAddr+1, 0
0x00ED	0x008A      	MOVWF      PCLATH
;__Lib_System.c,10 :: 		
0x00EE	0x086E      	MOVF       ___DoICPAddr, 0
0x00EF	0x0082      	MOVWF      PCL
;__Lib_System.c,12 :: 		
L_end_____DoICP:
0x00F0	0x0008      	RETURN
; end of _____DoICP
_ADC_Read:
;__Lib_ADC_88X.c,78 :: 		
;__Lib_ADC_88X.c,80 :: 		
0x00F1	0x30C3      	MOVLW      195
0x00F2	0x1283      	BCF        STATUS, 5
0x00F3	0x1303      	BCF        STATUS, 6
0x00F4	0x059F      	ANDWF      ADCON0, 1
;__Lib_ADC_88X.c,84 :: 		
0x00F5	0x30C0      	MOVLW      192
0x00F6	0x009F      	MOVWF      ADCON0
;__Lib_ADC_88X.c,85 :: 		
0x00F7	0x1703      	BSF        STATUS, 6
0x00F8	0x0849      	MOVF       FARG_ADC_Read_channel, 0
0x00F9	0x00F0      	MOVWF      R0
0x00FA	0x0DF0      	RLF        R0, 1
0x00FB	0x1070      	BCF        R0, 0
0x00FC	0x0DF0      	RLF        R0, 1
0x00FD	0x1070      	BCF        R0, 0
0x00FE	0x0870      	MOVF       R0, 0
0x00FF	0x1303      	BCF        STATUS, 6
0x0100	0x049F      	IORWF      ADCON0, 1
;__Lib_ADC_88X.c,86 :: 		
0x0101	0x0966      	COMF       _vref_mask, 0
0x0102	0x00F0      	MOVWF      R0
0x0103	0x0870      	MOVF       R0, 0
0x0104	0x1683      	BSF        STATUS, 5
0x0105	0x059F      	ANDWF      ADCON1, 1
;__Lib_ADC_88X.c,87 :: 		
0x0106	0x179F      	BSF        ADCON1, 7
;__Lib_ADC_88X.c,90 :: 		
0x0107	0x1283      	BCF        STATUS, 5
0x0108	0x141F      	BSF        ADCON0, 0
;__Lib_ADC_88X.c,93 :: 		
0x0109	0x2095      	CALL       _Delay_22us
;__Lib_ADC_88X.c,96 :: 		
0x010A	0x149F      	BSF        ADCON0, 1
;__Lib_ADC_88X.c,99 :: 		
L_ADC_Read2:
0x010B	0x1C9F      	BTFSS      ADCON0, 1
0x010C	0x290F      	GOTO       L_ADC_Read3
;__Lib_ADC_88X.c,100 :: 		
0x010D	0x0000      	NOP
0x010E	0x290B      	GOTO       L_ADC_Read2
L_ADC_Read3:
;__Lib_ADC_88X.c,103 :: 		
0x010F	0x101F      	BCF        ADCON0, 0
;__Lib_ADC_88X.c,106 :: 		
0x0110	0x081E      	MOVF       ADRESH, 0
0x0111	0x00F1      	MOVWF      R0+1
0x0112	0x01F0      	CLRF       R0
0x0113	0x1683      	BSF        STATUS, 5
0x0114	0x081E      	MOVF       ADRESL, 0
0x0115	0x04F0      	IORWF      R0, 1
0x0116	0x3000      	MOVLW      0
0x0117	0x04F1      	IORWF      R0+1, 1
;__Lib_ADC_88X.c,107 :: 		
L_end_ADC_Read:
0x0118	0x0008      	RETURN
; end of _ADC_Read
_IntToStr:
;__Lib_Conversions.c,195 :: 		
;__Lib_Conversions.c,201 :: 		
0x0119	0x1283      	BCF        STATUS, 5
0x011A	0x1703      	BSF        STATUS, 6
0x011B	0x01CE      	CLRF       IntToStr_negative_L0
0x011C	0x01CF      	CLRF       IntToStr_negative_L0+1
;__Lib_Conversions.c,202 :: 		
0x011D	0x0849      	MOVF       FARG_IntToStr_input, 0
0x011E	0x00D0      	MOVWF      IntToStr_inword_L0
0x011F	0x084A      	MOVF       FARG_IntToStr_input+1, 0
0x0120	0x00D1      	MOVWF      IntToStr_inword_L0+1
;__Lib_Conversions.c,203 :: 		
0x0121	0x3080      	MOVLW      128
0x0122	0x064A      	XORWF      FARG_IntToStr_input+1, 0
0x0123	0x00F0      	MOVWF      R0
0x0124	0x3080      	MOVLW      128
0x0125	0x0270      	SUBWF      R0, 0
0x0126	0x1D03      	BTFSS      STATUS, 2
0x0127	0x292A      	GOTO       L__IntToStr387
0x0128	0x3000      	MOVLW      0
0x0129	0x0249      	SUBWF      FARG_IntToStr_input, 0
L__IntToStr387:
0x012A	0x1803      	BTFSC      STATUS, 0
0x012B	0x2938      	GOTO       L_IntToStr37
;__Lib_Conversions.c,204 :: 		
0x012C	0x3001      	MOVLW      1
0x012D	0x00CE      	MOVWF      IntToStr_negative_L0
0x012E	0x3000      	MOVLW      0
0x012F	0x00CF      	MOVWF      IntToStr_negative_L0+1
;__Lib_Conversions.c,205 :: 		
0x0130	0x0849      	MOVF       FARG_IntToStr_input, 0
0x0131	0x3C00      	SUBLW      0
0x0132	0x00D0      	MOVWF      IntToStr_inword_L0
0x0133	0x084A      	MOVF       FARG_IntToStr_input+1, 0
0x0134	0x1C03      	BTFSS      STATUS, 0
0x0135	0x3E01      	ADDLW      1
0x0136	0x01D1      	CLRF       IntToStr_inword_L0+1
0x0137	0x02D1      	SUBWF      IntToStr_inword_L0+1, 1
;__Lib_Conversions.c,206 :: 		
L_IntToStr37:
;__Lib_Conversions.c,207 :: 		
0x0138	0x0850      	MOVF       IntToStr_inword_L0, 0
0x0139	0x00D2      	MOVWF      FARG_WordToStr_input
0x013A	0x0851      	MOVF       IntToStr_inword_L0+1, 0
0x013B	0x00D3      	MOVWF      FARG_WordToStr_input+1
0x013C	0x084B      	MOVF       FARG_IntToStr_output, 0
0x013D	0x00D4      	MOVWF      FARG_WordToStr_output
0x013E	0x20A8      	CALL       _WordToStr
;__Lib_Conversions.c,209 :: 		
0x013F	0x3006      	MOVLW      6
0x0140	0x00CC      	MOVWF      IntToStr_i_L0
0x0141	0x3000      	MOVLW      0
0x0142	0x00CD      	MOVWF      IntToStr_i_L0+1
;__Lib_Conversions.c,210 :: 		
L_IntToStr38:
0x0143	0x084D      	MOVF       IntToStr_i_L0+1, 0
0x0144	0x3C00      	SUBLW      0
0x0145	0x1D03      	BTFSS      STATUS, 2
0x0146	0x2949      	GOTO       L__IntToStr388
0x0147	0x084C      	MOVF       IntToStr_i_L0, 0
0x0148	0x3C00      	SUBLW      0
L__IntToStr388:
0x0149	0x1803      	BTFSC      STATUS, 0
0x014A	0x2964      	GOTO       L_IntToStr39
;__Lib_Conversions.c,211 :: 		
0x014B	0x084C      	MOVF       IntToStr_i_L0, 0
0x014C	0x074B      	ADDWF      FARG_IntToStr_output, 0
0x014D	0x00F2      	MOVWF      R2
0x014E	0x3001      	MOVLW      1
0x014F	0x024C      	SUBWF      IntToStr_i_L0, 0
0x0150	0x00F0      	MOVWF      R0
0x0151	0x3000      	MOVLW      0
0x0152	0x1C03      	BTFSS      STATUS, 0
0x0153	0x3E01      	ADDLW      1
0x0154	0x024D      	SUBWF      IntToStr_i_L0+1, 0
0x0155	0x00F1      	MOVWF      R0+1
0x0156	0x0870      	MOVF       R0, 0
0x0157	0x074B      	ADDWF      FARG_IntToStr_output, 0
0x0158	0x0084      	MOVWF      FSR
0x0159	0x0800      	MOVF       INDF, 0
0x015A	0x00F0      	MOVWF      R0
0x015B	0x0872      	MOVF       R2, 0
0x015C	0x0084      	MOVWF      FSR
0x015D	0x0870      	MOVF       R0, 0
0x015E	0x0080      	MOVWF      INDF
;__Lib_Conversions.c,212 :: 		
0x015F	0x3001      	MOVLW      1
0x0160	0x02CC      	SUBWF      IntToStr_i_L0, 1
0x0161	0x1C03      	BTFSS      STATUS, 0
0x0162	0x03CD      	DECF       IntToStr_i_L0+1, 1
;__Lib_Conversions.c,213 :: 		
0x0163	0x2943      	GOTO       L_IntToStr38
L_IntToStr39:
;__Lib_Conversions.c,214 :: 		
0x0164	0x084B      	MOVF       FARG_IntToStr_output, 0
0x0165	0x0084      	MOVWF      FSR
0x0166	0x3020      	MOVLW      32
0x0167	0x0080      	MOVWF      INDF
;__Lib_Conversions.c,215 :: 		
0x0168	0x084E      	MOVF       IntToStr_negative_L0, 0
0x0169	0x044F      	IORWF      IntToStr_negative_L0+1, 0
0x016A	0x1903      	BTFSC      STATUS, 2
0x016B	0x2982      	GOTO       L_IntToStr40
;__Lib_Conversions.c,216 :: 		
0x016C	0x01CC      	CLRF       IntToStr_i_L0
0x016D	0x01CD      	CLRF       IntToStr_i_L0+1
;__Lib_Conversions.c,217 :: 		
L_IntToStr41:
0x016E	0x084C      	MOVF       IntToStr_i_L0, 0
0x016F	0x074B      	ADDWF      FARG_IntToStr_output, 0
0x0170	0x0084      	MOVWF      FSR
0x0171	0x0800      	MOVF       INDF, 0
0x0172	0x3A20      	XORLW      32
0x0173	0x1D03      	BTFSS      STATUS, 2
0x0174	0x2979      	GOTO       L_IntToStr42
0x0175	0x0ACC      	INCF       IntToStr_i_L0, 1
0x0176	0x1903      	BTFSC      STATUS, 2
0x0177	0x0ACD      	INCF       IntToStr_i_L0+1, 1
0x0178	0x296E      	GOTO       L_IntToStr41
L_IntToStr42:
;__Lib_Conversions.c,218 :: 		
0x0179	0x3001      	MOVLW      1
0x017A	0x02CC      	SUBWF      IntToStr_i_L0, 1
0x017B	0x1C03      	BTFSS      STATUS, 0
0x017C	0x03CD      	DECF       IntToStr_i_L0+1, 1
;__Lib_Conversions.c,219 :: 		
0x017D	0x084C      	MOVF       IntToStr_i_L0, 0
0x017E	0x074B      	ADDWF      FARG_IntToStr_output, 0
0x017F	0x0084      	MOVWF      FSR
0x0180	0x302D      	MOVLW      45
0x0181	0x0080      	MOVWF      INDF
L_IntToStr40:
;__Lib_Conversions.c,220 :: 		
L_end_IntToStr:
0x0182	0x0008      	RETURN
; end of _IntToStr
_Lcd_Out:
;__Lib_Lcd.c,184 :: 		
;__Lib_Lcd.c,187 :: 		
0x0183	0x2995      	GOTO       L_Lcd_Out11
;__Lib_Lcd.c,188 :: 		
L_Lcd_Out13:
0x0184	0x3080      	MOVLW      128
0x0185	0x1283      	BCF        STATUS, 5
0x0186	0x1703      	BSF        STATUS, 6
0x0187	0x00C9      	MOVWF      FARG_Lcd_Out_row
0x0188	0x29A8      	GOTO       L_Lcd_Out12
;__Lib_Lcd.c,189 :: 		
L_Lcd_Out14:
0x0189	0x30C0      	MOVLW      192
0x018A	0x00C9      	MOVWF      FARG_Lcd_Out_row
0x018B	0x29A8      	GOTO       L_Lcd_Out12
;__Lib_Lcd.c,190 :: 		
L_Lcd_Out15:
0x018C	0x3094      	MOVLW      148
0x018D	0x00C9      	MOVWF      FARG_Lcd_Out_row
0x018E	0x29A8      	GOTO       L_Lcd_Out12
;__Lib_Lcd.c,191 :: 		
L_Lcd_Out16:
0x018F	0x30D4      	MOVLW      212
0x0190	0x00C9      	MOVWF      FARG_Lcd_Out_row
0x0191	0x29A8      	GOTO       L_Lcd_Out12
;__Lib_Lcd.c,192 :: 		
L_Lcd_Out17:
0x0192	0x3080      	MOVLW      128
0x0193	0x00C9      	MOVWF      FARG_Lcd_Out_row
;__Lib_Lcd.c,193 :: 		
0x0194	0x29A8      	GOTO       L_Lcd_Out12
L_Lcd_Out11:
0x0195	0x1283      	BCF        STATUS, 5
0x0196	0x1703      	BSF        STATUS, 6
0x0197	0x0849      	MOVF       FARG_Lcd_Out_row, 0
0x0198	0x3A01      	XORLW      1
0x0199	0x1903      	BTFSC      STATUS, 2
0x019A	0x2984      	GOTO       L_Lcd_Out13
0x019B	0x0849      	MOVF       FARG_Lcd_Out_row, 0
0x019C	0x3A02      	XORLW      2
0x019D	0x1903      	BTFSC      STATUS, 2
0x019E	0x2989      	GOTO       L_Lcd_Out14
0x019F	0x0849      	MOVF       FARG_Lcd_Out_row, 0
0x01A0	0x3A03      	XORLW      3
0x01A1	0x1903      	BTFSC      STATUS, 2
0x01A2	0x298C      	GOTO       L_Lcd_Out15
0x01A3	0x0849      	MOVF       FARG_Lcd_Out_row, 0
0x01A4	0x3A04      	XORLW      4
0x01A5	0x1903      	BTFSC      STATUS, 2
0x01A6	0x298F      	GOTO       L_Lcd_Out16
0x01A7	0x2992      	GOTO       L_Lcd_Out17
L_Lcd_Out12:
;__Lib_Lcd.c,194 :: 		
0x01A8	0x034A      	DECF       FARG_Lcd_Out_column, 0
0x01A9	0x00F0      	MOVWF      R0
0x01AA	0x0849      	MOVF       FARG_Lcd_Out_row, 0
0x01AB	0x07F0      	ADDWF      R0, 1
0x01AC	0x0870      	MOVF       R0, 0
0x01AD	0x00C9      	MOVWF      FARG_Lcd_Out_row
;__Lib_Lcd.c,196 :: 		
0x01AE	0x0870      	MOVF       R0, 0
0x01AF	0x00D7      	MOVWF      FARG_Lcd_Cmd_out_char
0x01B0	0x2037      	CALL       _Lcd_Cmd
;__Lib_Lcd.c,197 :: 		
0x01B1	0x1683      	BSF        STATUS, 5
0x01B2	0x106D      	BCF        __Lib_Lcd_cmd_status, BitPos(__Lib_Lcd_cmd_status+0)
;__Lib_Lcd.c,198 :: 		
0x01B3	0x1283      	BCF        STATUS, 5
0x01B4	0x1703      	BSF        STATUS, 6
0x01B5	0x01CC      	CLRF       Lcd_Out_i_L0
;__Lib_Lcd.c,199 :: 		
L_Lcd_Out18:
0x01B6	0x084C      	MOVF       Lcd_Out_i_L0, 0
0x01B7	0x074B      	ADDWF      FARG_Lcd_Out_text, 0
0x01B8	0x0084      	MOVWF      FSR
0x01B9	0x0800      	MOVF       INDF, 0
0x01BA	0x1903      	BTFSC      STATUS, 2
0x01BB	0x29C6      	GOTO       L_Lcd_Out19
;__Lib_Lcd.c,200 :: 		
0x01BC	0x084C      	MOVF       Lcd_Out_i_L0, 0
0x01BD	0x074B      	ADDWF      FARG_Lcd_Out_text, 0
0x01BE	0x0084      	MOVWF      FSR
0x01BF	0x0800      	MOVF       INDF, 0
0x01C0	0x00D2      	MOVWF      FARG_Lcd_Chr_CP_out_char
0x01C1	0x209D      	CALL       _Lcd_Chr_CP
0x01C2	0x1283      	BCF        STATUS, 5
0x01C3	0x1703      	BSF        STATUS, 6
0x01C4	0x0ACC      	INCF       Lcd_Out_i_L0, 1
0x01C5	0x29B6      	GOTO       L_Lcd_Out18
L_Lcd_Out19:
;__Lib_Lcd.c,201 :: 		
0x01C6	0x1683      	BSF        STATUS, 5
0x01C7	0x1303      	BCF        STATUS, 6
0x01C8	0x146D      	BSF        __Lib_Lcd_cmd_status, BitPos(__Lib_Lcd_cmd_status+0)
;__Lib_Lcd.c,202 :: 		
L_end_Lcd_Out:
0x01C9	0x0008      	RETURN
; end of _Lcd_Out
_ADC_Init:
;__Lib_ADC_88X.c,20 :: 		
;__Lib_ADC_88X.c,21 :: 		
0x01CA	0x30FF      	MOVLW      _ADC_Get_Sample
0x01CB	0x1283      	BCF        STATUS, 5
0x01CC	0x1703      	BSF        STATUS, 6
0x01CD	0x00C0      	MOVWF      _ADC_Get_Sample_Ptr
0x01CE	0x30FF      	MOVLW      hi_addr(_ADC_Get_Sample)
0x01CF	0x00C1      	MOVWF      _ADC_Get_Sample_Ptr+1
0x01D0	0x30FF      	MOVLW      FARG_ADC_Get_Sample_channel
0x01D1	0x00C2      	MOVWF      _ADC_Get_Sample_Ptr+2
0x01D2	0x30FF      	MOVLW      hi_addr(FARG_ADC_Get_Sample_channel)
;__Lib_ADC_88X.c,23 :: 		
0x01D3	0x30C3      	MOVLW      195
0x01D4	0x1303      	BCF        STATUS, 6
0x01D5	0x059F      	ANDWF      ADCON0, 1
;__Lib_ADC_88X.c,27 :: 		
0x01D6	0x30C0      	MOVLW      192
0x01D7	0x009F      	MOVWF      ADCON0
;__Lib_ADC_88X.c,28 :: 		
0x01D8	0x0966      	COMF       _vref_mask, 0
0x01D9	0x00F0      	MOVWF      R0
0x01DA	0x0870      	MOVF       R0, 0
0x01DB	0x1683      	BSF        STATUS, 5
0x01DC	0x059F      	ANDWF      ADCON1, 1
;__Lib_ADC_88X.c,29 :: 		
0x01DD	0x179F      	BSF        ADCON1, 7
;__Lib_ADC_88X.c,31 :: 		
0x01DE	0x1283      	BCF        STATUS, 5
0x01DF	0x141F      	BSF        ADCON0, 0
;__Lib_ADC_88X.c,32 :: 		
L_end_ADC_Init:
0x01E0	0x0008      	RETURN
; end of _ADC_Init
___CC2DW:
;__Lib_System.c,134 :: 		
;__Lib_System.c,137 :: 		
_CC2D_Loop1:
;__Lib_System.c,139 :: 		
0x01E1	0x20EA      	CALL       _____DoICP
0x01E2	0x118A      	BCF        PCLATH, 3
0x01E3	0x120A      	BCF        PCLATH, 4
;__Lib_System.c,141 :: 		
0x01E4	0x0080      	MOVWF      INDF
;__Lib_System.c,142 :: 		
0x01E5	0x0A84      	INCF       FSR, 1
;__Lib_System.c,143 :: 		
0x01E6	0x0AEE      	INCF       ___DoICPAddr, 1
;__Lib_System.c,145 :: 		
0x01E7	0x1903      	BTFSC      STATUS, 2
;__Lib_System.c,146 :: 		
0x01E8	0x0AEF      	INCF       ___DoICPAddr+1, 1
;__Lib_System.c,147 :: 		
0x01E9	0x03F0      	DECF       R0, 1
;__Lib_System.c,149 :: 		
0x01EA	0x1D03      	BTFSS      STATUS, 2
;__Lib_System.c,150 :: 		
0x01EB	0x29E1      	GOTO       _CC2D_Loop1
;__Lib_System.c,152 :: 		
L_end___CC2DW:
0x01EC	0x0008      	RETURN
; end of ___CC2DW
_Lcd_Init:
;__Lib_Lcd.c,84 :: 		
;__Lib_Lcd.c,86 :: 		
0x01ED	0x1683      	BSF        STATUS, 5
0x01EE	0x1303      	BCF        STATUS, 6
0x01EF	0x1088      	BCF        LCD_EN_Direction, BitPos(LCD_EN_Direction+0)
;__Lib_Lcd.c,87 :: 		
0x01F0	0x1008      	BCF        LCD_RS_Direction, BitPos(LCD_RS_Direction+0)
;__Lib_Lcd.c,88 :: 		
0x01F1	0x1108      	BCF        LCD_D4_Direction, BitPos(LCD_D4_Direction+0)
;__Lib_Lcd.c,89 :: 		
0x01F2	0x1188      	BCF        LCD_D5_Direction, BitPos(LCD_D5_Direction+0)
;__Lib_Lcd.c,90 :: 		
0x01F3	0x1208      	BCF        LCD_D6_Direction, BitPos(LCD_D6_Direction+0)
;__Lib_Lcd.c,91 :: 		
0x01F4	0x1288      	BCF        LCD_D7_Direction, BitPos(LCD_D7_Direction+0)
;__Lib_Lcd.c,93 :: 		
0x01F5	0x1283      	BCF        STATUS, 5
0x01F6	0x1088      	BCF        LCD_EN, BitPos(LCD_EN+0)
;__Lib_Lcd.c,94 :: 		
0x01F7	0x1008      	BCF        LCD_RS, BitPos(LCD_RS+0)
;__Lib_Lcd.c,95 :: 		
0x01F8	0x1288      	BCF        LCD_D7, BitPos(LCD_D7+0)
;__Lib_Lcd.c,96 :: 		
0x01F9	0x1208      	BCF        LCD_D6, BitPos(LCD_D6+0)
;__Lib_Lcd.c,97 :: 		
0x01FA	0x1188      	BCF        LCD_D5, BitPos(LCD_D5+0)
;__Lib_Lcd.c,98 :: 		
0x01FB	0x1108      	BCF        LCD_D4, BitPos(LCD_D4+0)
;__Lib_Lcd.c,100 :: 		
0x01FC	0x200D      	CALL       _Delay_5500us
;__Lib_Lcd.c,101 :: 		
0x01FD	0x200D      	CALL       _Delay_5500us
;__Lib_Lcd.c,102 :: 		
0x01FE	0x200D      	CALL       _Delay_5500us
;__Lib_Lcd.c,105 :: 		
0x01FF	0x1588      	BSF        LCD_D5, BitPos(LCD_D5+0)
;__Lib_Lcd.c,106 :: 		
0x0200	0x1508      	BSF        LCD_D4, BitPos(LCD_D4+0)
;__Lib_Lcd.c,107 :: 		
0x0201	0x1488      	BSF        LCD_EN, BitPos(LCD_EN+0)
;__Lib_Lcd.c,108 :: 		
0x0202	0x2003      	CALL       _Delay_1us
;__Lib_Lcd.c,109 :: 		
0x0203	0x1088      	BCF        LCD_EN, BitPos(LCD_EN+0)
;__Lib_Lcd.c,110 :: 		
0x0204	0x200D      	CALL       _Delay_5500us
;__Lib_Lcd.c,112 :: 		
0x0205	0x1488      	BSF        LCD_EN, BitPos(LCD_EN+0)
;__Lib_Lcd.c,113 :: 		
0x0206	0x2003      	CALL       _Delay_1us
;__Lib_Lcd.c,114 :: 		
0x0207	0x1088      	BCF        LCD_EN, BitPos(LCD_EN+0)
;__Lib_Lcd.c,115 :: 		
0x0208	0x200D      	CALL       _Delay_5500us
;__Lib_Lcd.c,117 :: 		
0x0209	0x1488      	BSF        LCD_EN, BitPos(LCD_EN+0)
;__Lib_Lcd.c,118 :: 		
0x020A	0x2003      	CALL       _Delay_1us
;__Lib_Lcd.c,119 :: 		
0x020B	0x1088      	BCF        LCD_EN, BitPos(LCD_EN+0)
;__Lib_Lcd.c,120 :: 		
0x020C	0x200D      	CALL       _Delay_5500us
;__Lib_Lcd.c,123 :: 		
0x020D	0x1108      	BCF        LCD_D4, BitPos(LCD_D4+0)
;__Lib_Lcd.c,124 :: 		
0x020E	0x1488      	BSF        LCD_EN, BitPos(LCD_EN+0)
;__Lib_Lcd.c,125 :: 		
0x020F	0x2003      	CALL       _Delay_1us
;__Lib_Lcd.c,126 :: 		
0x0210	0x1088      	BCF        LCD_EN, BitPos(LCD_EN+0)
;__Lib_Lcd.c,127 :: 		
0x0211	0x200D      	CALL       _Delay_5500us
;__Lib_Lcd.c,130 :: 		
0x0212	0x1488      	BSF        LCD_EN, BitPos(LCD_EN+0)
;__Lib_Lcd.c,131 :: 		
0x0213	0x2003      	CALL       _Delay_1us
;__Lib_Lcd.c,132 :: 		
0x0214	0x1088      	BCF        LCD_EN, BitPos(LCD_EN+0)
;__Lib_Lcd.c,134 :: 		
0x0215	0x1188      	BCF        LCD_D5, BitPos(LCD_D5+0)
;__Lib_Lcd.c,135 :: 		
0x0216	0x1688      	BSF        LCD_D7, BitPos(LCD_D7+0)
;__Lib_Lcd.c,136 :: 		
0x0217	0x1488      	BSF        LCD_EN, BitPos(LCD_EN+0)
;__Lib_Lcd.c,137 :: 		
0x0218	0x2003      	CALL       _Delay_1us
;__Lib_Lcd.c,138 :: 		
0x0219	0x1088      	BCF        LCD_EN, BitPos(LCD_EN+0)
;__Lib_Lcd.c,139 :: 		
0x021A	0x200D      	CALL       _Delay_5500us
;__Lib_Lcd.c,142 :: 		
0x021B	0x1288      	BCF        LCD_D7, BitPos(LCD_D7+0)
;__Lib_Lcd.c,143 :: 		
0x021C	0x1508      	BSF        LCD_D4, BitPos(LCD_D4+0)
;__Lib_Lcd.c,144 :: 		
0x021D	0x1488      	BSF        LCD_EN, BitPos(LCD_EN+0)
;__Lib_Lcd.c,145 :: 		
0x021E	0x2003      	CALL       _Delay_1us
;__Lib_Lcd.c,146 :: 		
0x021F	0x1088      	BCF        LCD_EN, BitPos(LCD_EN+0)
;__Lib_Lcd.c,148 :: 		
0x0220	0x1108      	BCF        LCD_D4, BitPos(LCD_D4+0)
;__Lib_Lcd.c,149 :: 		
0x0221	0x1488      	BSF        LCD_EN, BitPos(LCD_EN+0)
;__Lib_Lcd.c,150 :: 		
0x0222	0x2003      	CALL       _Delay_1us
;__Lib_Lcd.c,151 :: 		
0x0223	0x1088      	BCF        LCD_EN, BitPos(LCD_EN+0)
;__Lib_Lcd.c,152 :: 		
0x0224	0x200D      	CALL       _Delay_5500us
;__Lib_Lcd.c,155 :: 		
0x0225	0x1488      	BSF        LCD_EN, BitPos(LCD_EN+0)
;__Lib_Lcd.c,156 :: 		
0x0226	0x2003      	CALL       _Delay_1us
;__Lib_Lcd.c,157 :: 		
0x0227	0x1088      	BCF        LCD_EN, BitPos(LCD_EN+0)
;__Lib_Lcd.c,159 :: 		
0x0228	0x1508      	BSF        LCD_D4, BitPos(LCD_D4+0)
;__Lib_Lcd.c,160 :: 		
0x0229	0x1488      	BSF        LCD_EN, BitPos(LCD_EN+0)
;__Lib_Lcd.c,161 :: 		
0x022A	0x2003      	CALL       _Delay_1us
;__Lib_Lcd.c,162 :: 		
0x022B	0x1088      	BCF        LCD_EN, BitPos(LCD_EN+0)
;__Lib_Lcd.c,163 :: 		
0x022C	0x200D      	CALL       _Delay_5500us
;__Lib_Lcd.c,166 :: 		
0x022D	0x1108      	BCF        LCD_D4, BitPos(LCD_D4+0)
;__Lib_Lcd.c,167 :: 		
0x022E	0x1488      	BSF        LCD_EN, BitPos(LCD_EN+0)
;__Lib_Lcd.c,168 :: 		
0x022F	0x2003      	CALL       _Delay_1us
;__Lib_Lcd.c,169 :: 		
0x0230	0x1088      	BCF        LCD_EN, BitPos(LCD_EN+0)
;__Lib_Lcd.c,171 :: 		
0x0231	0x1688      	BSF        LCD_D7, BitPos(LCD_D7+0)
;__Lib_Lcd.c,172 :: 		
0x0232	0x1608      	BSF        LCD_D6, BitPos(LCD_D6+0)
;__Lib_Lcd.c,173 :: 		
0x0233	0x1588      	BSF        LCD_D5, BitPos(LCD_D5+0)
;__Lib_Lcd.c,174 :: 		
0x0234	0x1508      	BSF        LCD_D4, BitPos(LCD_D4+0)
;__Lib_Lcd.c,175 :: 		
0x0235	0x1488      	BSF        LCD_EN, BitPos(LCD_EN+0)
;__Lib_Lcd.c,176 :: 		
0x0236	0x2003      	CALL       _Delay_1us
;__Lib_Lcd.c,177 :: 		
0x0237	0x1088      	BCF        LCD_EN, BitPos(LCD_EN+0)
;__Lib_Lcd.c,179 :: 		
0x0238	0x200D      	CALL       _Delay_5500us
;__Lib_Lcd.c,181 :: 		
0x0239	0x1683      	BSF        STATUS, 5
0x023A	0x146D      	BSF        __Lib_Lcd_cmd_status, BitPos(__Lib_Lcd_cmd_status+0)
;__Lib_Lcd.c,182 :: 		
L_end_Lcd_Init:
0x023B	0x0008      	RETURN
; end of _Lcd_Init
_main:
0x023C	0x267C      	CALL       1660
;CicekSulama.c,16 :: 		void main() {
;CicekSulama.c,19 :: 		kapA = 0;
0x023D	0x1683      	BSF        STATUS, 5
0x023E	0x1303      	BCF        STATUS, 6
0x023F	0x01EE      	CLRF       main_kapA_L0
0x0240	0x01EF      	CLRF       main_kapA_L0+1
;CicekSulama.c,20 :: 		kapB = 0;
0x0241	0x1283      	BCF        STATUS, 5
0x0242	0x1703      	BSF        STATUS, 6
0x0243	0x01C3      	CLRF       main_kapB_L0
0x0244	0x01C4      	CLRF       main_kapB_L0+1
;CicekSulama.c,21 :: 		toprak = 0;
0x0245	0x01C5      	CLRF       main_toprak_L0
0x0246	0x01C6      	CLRF       main_toprak_L0+1
;CicekSulama.c,22 :: 		ED = 0;
0x0247	0x01C7      	CLRF       main_ED_L0
0x0248	0x01C8      	CLRF       main_ED_L0+1
;CicekSulama.c,26 :: 		ANSEL = 0b0000011;
0x0249	0x3003      	MOVLW      3
0x024A	0x1683      	BSF        STATUS, 5
0x024B	0x0088      	MOVWF      ANSEL
;CicekSulama.c,27 :: 		ANSELH = 0;
0x024C	0x0189      	CLRF       ANSELH
;CicekSulama.c,30 :: 		TRISC = 0x00;
0x024D	0x1303      	BCF        STATUS, 6
0x024E	0x0187      	CLRF       TRISC
;CicekSulama.c,31 :: 		PORTC = 0x00;
0x024F	0x1283      	BCF        STATUS, 5
0x0250	0x0187      	CLRF       PORTC
;CicekSulama.c,33 :: 		TRISE.B1 = 0;
0x0251	0x1683      	BSF        STATUS, 5
0x0252	0x1089      	BCF        TRISE, 1
;CicekSulama.c,34 :: 		PORTE.B1 = 0;
0x0253	0x1283      	BCF        STATUS, 5
0x0254	0x1089      	BCF        PORTE, 1
;CicekSulama.c,36 :: 		TRISE.B2 = 0;
0x0255	0x1683      	BSF        STATUS, 5
0x0256	0x1109      	BCF        TRISE, 2
;CicekSulama.c,37 :: 		PORTE.B2 = 0;
0x0257	0x1283      	BCF        STATUS, 5
0x0258	0x1109      	BCF        PORTE, 2
;CicekSulama.c,40 :: 		TRISB = 0b00010100;
0x0259	0x3014      	MOVLW      20
0x025A	0x1683      	BSF        STATUS, 5
0x025B	0x0086      	MOVWF      TRISB
;CicekSulama.c,41 :: 		T1CON = 0x10;
0x025C	0x3010      	MOVLW      16
0x025D	0x1283      	BCF        STATUS, 5
0x025E	0x0090      	MOVWF      T1CON
;CicekSulama.c,43 :: 		ADC_Init();
0x025F	0x21CA      	CALL       _ADC_Init
;CicekSulama.c,44 :: 		Lcd_Init();
0x0260	0x21ED      	CALL       _Lcd_Init
;CicekSulama.c,45 :: 		Lcd_Cmd(_LCD_CLEAR);
0x0261	0x3001      	MOVLW      1
0x0262	0x1283      	BCF        STATUS, 5
0x0263	0x1703      	BSF        STATUS, 6
0x0264	0x00D7      	MOVWF      FARG_Lcd_Cmd_out_char
0x0265	0x2037      	CALL       _Lcd_Cmd
;CicekSulama.c,46 :: 		Lcd_Cmd(_LCD_CURSOR_OFF);
0x0266	0x300C      	MOVLW      12
0x0267	0x1703      	BSF        STATUS, 6
0x0268	0x00D7      	MOVWF      FARG_Lcd_Cmd_out_char
0x0269	0x2037      	CALL       _Lcd_Cmd
;CicekSulama.c,48 :: 		Lcd_Out(1, 1, " Akilli Sulama ");
0x026A	0x3001      	MOVLW      1
0x026B	0x1703      	BSF        STATUS, 6
0x026C	0x00C9      	MOVWF      FARG_Lcd_Out_row
0x026D	0x3001      	MOVLW      1
0x026E	0x00CA      	MOVWF      FARG_Lcd_Out_column
0x026F	0x3045      	MOVLW      ?lstr1_CicekSulama
0x0270	0x00CB      	MOVWF      FARG_Lcd_Out_text
0x0271	0x2183      	CALL       _Lcd_Out
;CicekSulama.c,49 :: 		Lcd_Out(2, 4, " Sistemi ");
0x0272	0x3002      	MOVLW      2
0x0273	0x1283      	BCF        STATUS, 5
0x0274	0x1703      	BSF        STATUS, 6
0x0275	0x00C9      	MOVWF      FARG_Lcd_Out_row
0x0276	0x3004      	MOVLW      4
0x0277	0x00CA      	MOVWF      FARG_Lcd_Out_column
0x0278	0x303B      	MOVLW      ?lstr2_CicekSulama
0x0279	0x00CB      	MOVWF      FARG_Lcd_Out_text
0x027A	0x2183      	CALL       _Lcd_Out
;CicekSulama.c,50 :: 		delay_ms(100);
0x027B	0x3002      	MOVLW      2
0x027C	0x00FB      	MOVWF      R11
0x027D	0x3004      	MOVLW      4
0x027E	0x00FC      	MOVWF      R12
0x027F	0x30BA      	MOVLW      186
0x0280	0x00FD      	MOVWF      R13
L_main0:
0x0281	0x0BFD      	DECFSZ     R13, 1
0x0282	0x2A81      	GOTO       L_main0
0x0283	0x0BFC      	DECFSZ     R12, 1
0x0284	0x2A81      	GOTO       L_main0
0x0285	0x0BFB      	DECFSZ     R11, 1
0x0286	0x2A81      	GOTO       L_main0
0x0287	0x0000      	NOP
;CicekSulama.c,51 :: 		Lcd_Cmd(_LCD_CLEAR);
0x0288	0x3001      	MOVLW      1
0x0289	0x1283      	BCF        STATUS, 5
0x028A	0x1703      	BSF        STATUS, 6
0x028B	0x00D7      	MOVWF      FARG_Lcd_Cmd_out_char
0x028C	0x2037      	CALL       _Lcd_Cmd
;CicekSulama.c,54 :: 		while(1) {
L_main1:
;CicekSulama.c,57 :: 		ED = Adc_Read(1);
0x028D	0x3001      	MOVLW      1
0x028E	0x1703      	BSF        STATUS, 6
0x028F	0x00C9      	MOVWF      FARG_ADC_Read_channel
0x0290	0x20F1      	CALL       _ADC_Read
0x0291	0x0870      	MOVF       R0, 0
0x0292	0x1283      	BCF        STATUS, 5
0x0293	0x1703      	BSF        STATUS, 6
0x0294	0x00C7      	MOVWF      main_ED_L0
0x0295	0x0871      	MOVF       R0+1, 0
0x0296	0x00C8      	MOVWF      main_ED_L0+1
;CicekSulama.c,58 :: 		ED = ED /10-2;
0x0297	0x300A      	MOVLW      10
0x0298	0x00F4      	MOVWF      R4
0x0299	0x3000      	MOVLW      0
0x029A	0x00F5      	MOVWF      R4+1
0x029B	0x201A      	CALL       _Div_16X16_U
0x029C	0x3002      	MOVLW      2
0x029D	0x0270      	SUBWF      R0, 0
0x029E	0x00F2      	MOVWF      R2
0x029F	0x3000      	MOVLW      0
0x02A0	0x1C03      	BTFSS      STATUS, 0
0x02A1	0x3E01      	ADDLW      1
0x02A2	0x0271      	SUBWF      R0+1, 0
0x02A3	0x00F3      	MOVWF      R2+1
0x02A4	0x0872      	MOVF       R2, 0
0x02A5	0x1703      	BSF        STATUS, 6
0x02A6	0x00C7      	MOVWF      main_ED_L0
0x02A7	0x0873      	MOVF       R2+1, 0
0x02A8	0x00C8      	MOVWF      main_ED_L0+1
;CicekSulama.c,60 :: 		if(ED == -2){
0x02A9	0x30FF      	MOVLW      255
0x02AA	0x0673      	XORWF      R2+1, 0
0x02AB	0x1D03      	BTFSS      STATUS, 2
0x02AC	0x2AAF      	GOTO       L__main45
0x02AD	0x30FE      	MOVLW      254
0x02AE	0x0672      	XORWF      R2, 0
L__main45:
0x02AF	0x1D03      	BTFSS      STATUS, 2
0x02B0	0x2AB3      	GOTO       L_main3
;CicekSulama.c,61 :: 		ED = 0;
0x02B1	0x01C7      	CLRF       main_ED_L0
0x02B2	0x01C8      	CLRF       main_ED_L0+1
;CicekSulama.c,62 :: 		}
L_main3:
;CicekSulama.c,63 :: 		InttoStr(ED,txt);
0x02B3	0x0847      	MOVF       main_ED_L0, 0
0x02B4	0x00C9      	MOVWF      FARG_IntToStr_input
0x02B5	0x0848      	MOVF       main_ED_L0+1, 0
0x02B6	0x00CA      	MOVWF      FARG_IntToStr_input+1
0x02B7	0x3067      	MOVLW      _txt
0x02B8	0x00CB      	MOVWF      FARG_IntToStr_output
0x02B9	0x2119      	CALL       _IntToStr
;CicekSulama.c,64 :: 		Lcd_Out(1,1,"Esik Deger: ");
0x02BA	0x3001      	MOVLW      1
0x02BB	0x00C9      	MOVWF      FARG_Lcd_Out_row
0x02BC	0x3001      	MOVLW      1
0x02BD	0x00CA      	MOVWF      FARG_Lcd_Out_column
0x02BE	0x302E      	MOVLW      ?lstr3_CicekSulama
0x02BF	0x00CB      	MOVWF      FARG_Lcd_Out_text
0x02C0	0x2183      	CALL       _Lcd_Out
;CicekSulama.c,65 :: 		Lcd_Out(2,5,txt);
0x02C1	0x3002      	MOVLW      2
0x02C2	0x1283      	BCF        STATUS, 5
0x02C3	0x1703      	BSF        STATUS, 6
0x02C4	0x00C9      	MOVWF      FARG_Lcd_Out_row
0x02C5	0x3005      	MOVLW      5
0x02C6	0x00CA      	MOVWF      FARG_Lcd_Out_column
0x02C7	0x3067      	MOVLW      _txt
0x02C8	0x00CB      	MOVWF      FARG_Lcd_Out_text
0x02C9	0x2183      	CALL       _Lcd_Out
;CicekSulama.c,66 :: 		delay_ms(100);
0x02CA	0x3002      	MOVLW      2
0x02CB	0x00FB      	MOVWF      R11
0x02CC	0x3004      	MOVLW      4
0x02CD	0x00FC      	MOVWF      R12
0x02CE	0x30BA      	MOVLW      186
0x02CF	0x00FD      	MOVWF      R13
L_main4:
0x02D0	0x0BFD      	DECFSZ     R13, 1
0x02D1	0x2AD0      	GOTO       L_main4
0x02D2	0x0BFC      	DECFSZ     R12, 1
0x02D3	0x2AD0      	GOTO       L_main4
0x02D4	0x0BFB      	DECFSZ     R11, 1
0x02D5	0x2AD0      	GOTO       L_main4
0x02D6	0x0000      	NOP
;CicekSulama.c,67 :: 		Lcd_Cmd(_LCD_CLEAR);
0x02D7	0x3001      	MOVLW      1
0x02D8	0x1283      	BCF        STATUS, 5
0x02D9	0x1703      	BSF        STATUS, 6
0x02DA	0x00D7      	MOVWF      FARG_Lcd_Cmd_out_char
0x02DB	0x2037      	CALL       _Lcd_Cmd
;CicekSulama.c,71 :: 		toprak = Adc_Read(0);
0x02DC	0x1703      	BSF        STATUS, 6
0x02DD	0x01C9      	CLRF       FARG_ADC_Read_channel
0x02DE	0x20F1      	CALL       _ADC_Read
0x02DF	0x0870      	MOVF       R0, 0
0x02E0	0x1283      	BCF        STATUS, 5
0x02E1	0x1703      	BSF        STATUS, 6
0x02E2	0x00C5      	MOVWF      main_toprak_L0
0x02E3	0x0871      	MOVF       R0+1, 0
0x02E4	0x00C6      	MOVWF      main_toprak_L0+1
;CicekSulama.c,72 :: 		toprak = toprak/10;
0x02E5	0x300A      	MOVLW      10
0x02E6	0x00F4      	MOVWF      R4
0x02E7	0x3000      	MOVLW      0
0x02E8	0x00F5      	MOVWF      R4+1
0x02E9	0x201A      	CALL       _Div_16X16_U
0x02EA	0x0870      	MOVF       R0, 0
0x02EB	0x1703      	BSF        STATUS, 6
0x02EC	0x00C5      	MOVWF      main_toprak_L0
0x02ED	0x0871      	MOVF       R0+1, 0
0x02EE	0x00C6      	MOVWF      main_toprak_L0+1
;CicekSulama.c,73 :: 		if(toprak > 100){
0x02EF	0x0871      	MOVF       R0+1, 0
0x02F0	0x3C00      	SUBLW      0
0x02F1	0x1D03      	BTFSS      STATUS, 2
0x02F2	0x2AF5      	GOTO       L__main46
0x02F3	0x0870      	MOVF       R0, 0
0x02F4	0x3C64      	SUBLW      100
L__main46:
0x02F5	0x1803      	BTFSC      STATUS, 0
0x02F6	0x2AFB      	GOTO       L_main5
;CicekSulama.c,75 :: 		toprak = 100;
0x02F7	0x3064      	MOVLW      100
0x02F8	0x00C5      	MOVWF      main_toprak_L0
0x02F9	0x3000      	MOVLW      0
0x02FA	0x00C6      	MOVWF      main_toprak_L0+1
;CicekSulama.c,77 :: 		}
L_main5:
;CicekSulama.c,79 :: 		if(toprak<0){
0x02FB	0x3000      	MOVLW      0
0x02FC	0x0246      	SUBWF      main_toprak_L0+1, 0
0x02FD	0x1D03      	BTFSS      STATUS, 2
0x02FE	0x2B01      	GOTO       L__main47
0x02FF	0x3000      	MOVLW      0
0x0300	0x0245      	SUBWF      main_toprak_L0, 0
L__main47:
0x0301	0x1803      	BTFSC      STATUS, 0
0x0302	0x2B05      	GOTO       L_main6
;CicekSulama.c,81 :: 		toprak =0;
0x0303	0x01C5      	CLRF       main_toprak_L0
0x0304	0x01C6      	CLRF       main_toprak_L0+1
;CicekSulama.c,83 :: 		}
L_main6:
;CicekSulama.c,85 :: 		InttoStr(toprak,txt);
0x0305	0x0845      	MOVF       main_toprak_L0, 0
0x0306	0x00C9      	MOVWF      FARG_IntToStr_input
0x0307	0x0846      	MOVF       main_toprak_L0+1, 0
0x0308	0x00CA      	MOVWF      FARG_IntToStr_input+1
0x0309	0x3067      	MOVLW      _txt
0x030A	0x00CB      	MOVWF      FARG_IntToStr_output
0x030B	0x2119      	CALL       _IntToStr
;CicekSulama.c,86 :: 		Lcd_Out(1,1,"Toprak nemi: ");
0x030C	0x3001      	MOVLW      1
0x030D	0x00C9      	MOVWF      FARG_Lcd_Out_row
0x030E	0x3001      	MOVLW      1
0x030F	0x00CA      	MOVWF      FARG_Lcd_Out_column
0x0310	0x3020      	MOVLW      ?lstr4_CicekSulama
0x0311	0x00CB      	MOVWF      FARG_Lcd_Out_text
0x0312	0x2183      	CALL       _Lcd_Out
;CicekSulama.c,87 :: 		Lcd_Out(2,5,txt);
0x0313	0x3002      	MOVLW      2
0x0314	0x1283      	BCF        STATUS, 5
0x0315	0x1703      	BSF        STATUS, 6
0x0316	0x00C9      	MOVWF      FARG_Lcd_Out_row
0x0317	0x3005      	MOVLW      5
0x0318	0x00CA      	MOVWF      FARG_Lcd_Out_column
0x0319	0x3067      	MOVLW      _txt
0x031A	0x00CB      	MOVWF      FARG_Lcd_Out_text
0x031B	0x2183      	CALL       _Lcd_Out
;CicekSulama.c,88 :: 		delay_ms(100);
0x031C	0x3002      	MOVLW      2
0x031D	0x00FB      	MOVWF      R11
0x031E	0x3004      	MOVLW      4
0x031F	0x00FC      	MOVWF      R12
0x0320	0x30BA      	MOVLW      186
0x0321	0x00FD      	MOVWF      R13
L_main7:
0x0322	0x0BFD      	DECFSZ     R13, 1
0x0323	0x2B22      	GOTO       L_main7
0x0324	0x0BFC      	DECFSZ     R12, 1
0x0325	0x2B22      	GOTO       L_main7
0x0326	0x0BFB      	DECFSZ     R11, 1
0x0327	0x2B22      	GOTO       L_main7
0x0328	0x0000      	NOP
;CicekSulama.c,89 :: 		Lcd_Cmd(_LCD_CLEAR);
0x0329	0x3001      	MOVLW      1
0x032A	0x1283      	BCF        STATUS, 5
0x032B	0x1703      	BSF        STATUS, 6
0x032C	0x00D7      	MOVWF      FARG_Lcd_Cmd_out_char
0x032D	0x2037      	CALL       _Lcd_Cmd
;CicekSulama.c,91 :: 		TMR1H = 0;
0x032E	0x018F      	CLRF       TMR1H
;CicekSulama.c,92 :: 		TMR1L = 0;
0x032F	0x018E      	CLRF       TMR1L
;CicekSulama.c,94 :: 		PORTB.F1 = 1;
0x0330	0x1486      	BSF        PORTB, 1
;CicekSulama.c,95 :: 		Delay_us(10);
0x0331	0x3006      	MOVLW      6
0x0332	0x00FD      	MOVWF      R13
L_main8:
0x0333	0x0BFD      	DECFSZ     R13, 1
0x0334	0x2B33      	GOTO       L_main8
0x0335	0x0000      	NOP
;CicekSulama.c,96 :: 		PORTB.F1 = 0;
0x0336	0x1086      	BCF        PORTB, 1
;CicekSulama.c,98 :: 		while(!PORTB.F2);
L_main9:
0x0337	0x1906      	BTFSC      PORTB, 2
0x0338	0x2B3A      	GOTO       L_main10
0x0339	0x2B37      	GOTO       L_main9
L_main10:
;CicekSulama.c,99 :: 		T1CON.F0 = 1;
0x033A	0x1410      	BSF        T1CON, 0
;CicekSulama.c,100 :: 		while(PORTB.F2);
L_main11:
0x033B	0x1D06      	BTFSS      PORTB, 2
0x033C	0x2B3E      	GOTO       L_main12
0x033D	0x2B3B      	GOTO       L_main11
L_main12:
;CicekSulama.c,101 :: 		T1CON.F0 = 0;
0x033E	0x1010      	BCF        T1CON, 0
;CicekSulama.c,103 :: 		kapB = (TMR1L | (TMR1H<<8));
0x033F	0x080F      	MOVF       TMR1H, 0
0x0340	0x00F1      	MOVWF      R0+1
0x0341	0x01F0      	CLRF       R0
0x0342	0x080E      	MOVF       TMR1L, 0
0x0343	0x04F0      	IORWF      R0, 1
0x0344	0x3000      	MOVLW      0
0x0345	0x04F1      	IORWF      R0+1, 1
0x0346	0x0870      	MOVF       R0, 0
0x0347	0x1703      	BSF        STATUS, 6
0x0348	0x00C3      	MOVWF      main_kapB_L0
0x0349	0x0871      	MOVF       R0+1, 0
0x034A	0x00C4      	MOVWF      main_kapB_L0+1
;CicekSulama.c,104 :: 		kapB = kapB/80;
0x034B	0x3050      	MOVLW      80
0x034C	0x00F4      	MOVWF      R4
0x034D	0x3000      	MOVLW      0
0x034E	0x00F5      	MOVWF      R4+1
0x034F	0x201A      	CALL       _Div_16X16_U
0x0350	0x0870      	MOVF       R0, 0
0x0351	0x1703      	BSF        STATUS, 6
0x0352	0x00C3      	MOVWF      main_kapB_L0
0x0353	0x0871      	MOVF       R0+1, 0
0x0354	0x00C4      	MOVWF      main_kapB_L0+1
;CicekSulama.c,106 :: 		if(kapB>100){
0x0355	0x0871      	MOVF       R0+1, 0
0x0356	0x3C00      	SUBLW      0
0x0357	0x1D03      	BTFSS      STATUS, 2
0x0358	0x2B5B      	GOTO       L__main48
0x0359	0x0870      	MOVF       R0, 0
0x035A	0x3C64      	SUBLW      100
L__main48:
0x035B	0x1803      	BTFSC      STATUS, 0
0x035C	0x2B61      	GOTO       L_main13
;CicekSulama.c,107 :: 		kapB = 100;
0x035D	0x3064      	MOVLW      100
0x035E	0x00C3      	MOVWF      main_kapB_L0
0x035F	0x3000      	MOVLW      0
0x0360	0x00C4      	MOVWF      main_kapB_L0+1
;CicekSulama.c,108 :: 		}
L_main13:
;CicekSulama.c,110 :: 		if(kapB<0){
0x0361	0x3000      	MOVLW      0
0x0362	0x0244      	SUBWF      main_kapB_L0+1, 0
0x0363	0x1D03      	BTFSS      STATUS, 2
0x0364	0x2B67      	GOTO       L__main49
0x0365	0x3000      	MOVLW      0
0x0366	0x0243      	SUBWF      main_kapB_L0, 0
L__main49:
0x0367	0x1803      	BTFSC      STATUS, 0
0x0368	0x2B6B      	GOTO       L_main14
;CicekSulama.c,111 :: 		kapB = 0 ;
0x0369	0x01C3      	CLRF       main_kapB_L0
0x036A	0x01C4      	CLRF       main_kapB_L0+1
;CicekSulama.c,112 :: 		}
L_main14:
;CicekSulama.c,114 :: 		if(kapB == 0){
0x036B	0x3000      	MOVLW      0
0x036C	0x0644      	XORWF      main_kapB_L0+1, 0
0x036D	0x1D03      	BTFSS      STATUS, 2
0x036E	0x2B71      	GOTO       L__main50
0x036F	0x3000      	MOVLW      0
0x0370	0x0643      	XORWF      main_kapB_L0, 0
L__main50:
0x0371	0x1D03      	BTFSS      STATUS, 2
0x0372	0x2B75      	GOTO       L_main15
;CicekSulama.c,115 :: 		PORTE.B2 = 1;
0x0373	0x1303      	BCF        STATUS, 6
0x0374	0x1509      	BSF        PORTE, 2
;CicekSulama.c,116 :: 		}
L_main15:
;CicekSulama.c,118 :: 		InttoStr(kapB,txt);
0x0375	0x1703      	BSF        STATUS, 6
0x0376	0x0843      	MOVF       main_kapB_L0, 0
0x0377	0x00C9      	MOVWF      FARG_IntToStr_input
0x0378	0x0844      	MOVF       main_kapB_L0+1, 0
0x0379	0x00CA      	MOVWF      FARG_IntToStr_input+1
0x037A	0x3067      	MOVLW      _txt
0x037B	0x00CB      	MOVWF      FARG_IntToStr_output
0x037C	0x2119      	CALL       _IntToStr
;CicekSulama.c,119 :: 		Lcd_Out(1,1," B kabi degeri: ");
0x037D	0x3001      	MOVLW      1
0x037E	0x00C9      	MOVWF      FARG_Lcd_Out_row
0x037F	0x3001      	MOVLW      1
0x0380	0x00CA      	MOVWF      FARG_Lcd_Out_column
0x0381	0x3055      	MOVLW      ?lstr5_CicekSulama
0x0382	0x00CB      	MOVWF      FARG_Lcd_Out_text
0x0383	0x2183      	CALL       _Lcd_Out
;CicekSulama.c,120 :: 		Lcd_Out(2,5,txt);
0x0384	0x3002      	MOVLW      2
0x0385	0x1283      	BCF        STATUS, 5
0x0386	0x1703      	BSF        STATUS, 6
0x0387	0x00C9      	MOVWF      FARG_Lcd_Out_row
0x0388	0x3005      	MOVLW      5
0x0389	0x00CA      	MOVWF      FARG_Lcd_Out_column
0x038A	0x3067      	MOVLW      _txt
0x038B	0x00CB      	MOVWF      FARG_Lcd_Out_text
0x038C	0x2183      	CALL       _Lcd_Out
;CicekSulama.c,121 :: 		delay_ms(100);
0x038D	0x3002      	MOVLW      2
0x038E	0x00FB      	MOVWF      R11
0x038F	0x3004      	MOVLW      4
0x0390	0x00FC      	MOVWF      R12
0x0391	0x30BA      	MOVLW      186
0x0392	0x00FD      	MOVWF      R13
L_main16:
0x0393	0x0BFD      	DECFSZ     R13, 1
0x0394	0x2B93      	GOTO       L_main16
0x0395	0x0BFC      	DECFSZ     R12, 1
0x0396	0x2B93      	GOTO       L_main16
0x0397	0x0BFB      	DECFSZ     R11, 1
0x0398	0x2B93      	GOTO       L_main16
0x0399	0x0000      	NOP
;CicekSulama.c,122 :: 		Lcd_Cmd(_LCD_CLEAR);
0x039A	0x3001      	MOVLW      1
0x039B	0x1283      	BCF        STATUS, 5
0x039C	0x1703      	BSF        STATUS, 6
0x039D	0x00D7      	MOVWF      FARG_Lcd_Cmd_out_char
0x039E	0x2037      	CALL       _Lcd_Cmd
;CicekSulama.c,127 :: 		TMR1H = 0;
0x039F	0x018F      	CLRF       TMR1H
;CicekSulama.c,128 :: 		TMR1L = 0;
0x03A0	0x018E      	CLRF       TMR1L
;CicekSulama.c,130 :: 		PORTB.F0 = 1;
0x03A1	0x1406      	BSF        PORTB, 0
;CicekSulama.c,131 :: 		Delay_us(10);
0x03A2	0x3006      	MOVLW      6
0x03A3	0x00FD      	MOVWF      R13
L_main17:
0x03A4	0x0BFD      	DECFSZ     R13, 1
0x03A5	0x2BA4      	GOTO       L_main17
0x03A6	0x0000      	NOP
;CicekSulama.c,132 :: 		PORTB.F0 = 0;
0x03A7	0x1006      	BCF        PORTB, 0
;CicekSulama.c,134 :: 		while(!PORTB.F4);
L_main18:
0x03A8	0x1A06      	BTFSC      PORTB, 4
0x03A9	0x2BAB      	GOTO       L_main19
0x03AA	0x2BA8      	GOTO       L_main18
L_main19:
;CicekSulama.c,135 :: 		T1CON.F0 = 1;
0x03AB	0x1410      	BSF        T1CON, 0
;CicekSulama.c,136 :: 		while(PORTB.F4);
L_main20:
0x03AC	0x1E06      	BTFSS      PORTB, 4
0x03AD	0x2BAF      	GOTO       L_main21
0x03AE	0x2BAC      	GOTO       L_main20
L_main21:
;CicekSulama.c,137 :: 		T1CON.F0 = 0;
0x03AF	0x1010      	BCF        T1CON, 0
;CicekSulama.c,139 :: 		kapA = (TMR1L | (TMR1H<<8));
0x03B0	0x080F      	MOVF       TMR1H, 0
0x03B1	0x00F1      	MOVWF      R0+1
0x03B2	0x01F0      	CLRF       R0
0x03B3	0x080E      	MOVF       TMR1L, 0
0x03B4	0x04F0      	IORWF      R0, 1
0x03B5	0x3000      	MOVLW      0
0x03B6	0x04F1      	IORWF      R0+1, 1
0x03B7	0x0870      	MOVF       R0, 0
0x03B8	0x1683      	BSF        STATUS, 5
0x03B9	0x00EE      	MOVWF      main_kapA_L0
0x03BA	0x0871      	MOVF       R0+1, 0
0x03BB	0x00EF      	MOVWF      main_kapA_L0+1
;CicekSulama.c,140 :: 		kapA = kapA/80;
0x03BC	0x3050      	MOVLW      80
0x03BD	0x00F4      	MOVWF      R4
0x03BE	0x3000      	MOVLW      0
0x03BF	0x00F5      	MOVWF      R4+1
0x03C0	0x201A      	CALL       _Div_16X16_U
0x03C1	0x0870      	MOVF       R0, 0
0x03C2	0x1683      	BSF        STATUS, 5
0x03C3	0x00EE      	MOVWF      main_kapA_L0
0x03C4	0x0871      	MOVF       R0+1, 0
0x03C5	0x00EF      	MOVWF      main_kapA_L0+1
;CicekSulama.c,142 :: 		if(kapA == 101){
0x03C6	0x3000      	MOVLW      0
0x03C7	0x0671      	XORWF      R0+1, 0
0x03C8	0x1D03      	BTFSS      STATUS, 2
0x03C9	0x2BCC      	GOTO       L__main51
0x03CA	0x3065      	MOVLW      101
0x03CB	0x0670      	XORWF      R0, 0
L__main51:
0x03CC	0x1D03      	BTFSS      STATUS, 2
0x03CD	0x2BD2      	GOTO       L_main22
;CicekSulama.c,144 :: 		kapA = 100;
0x03CE	0x3064      	MOVLW      100
0x03CF	0x00EE      	MOVWF      main_kapA_L0
0x03D0	0x3000      	MOVLW      0
0x03D1	0x00EF      	MOVWF      main_kapA_L0+1
;CicekSulama.c,145 :: 		}
L_main22:
;CicekSulama.c,147 :: 		if(kapA == 102 || kapA == 0){
0x03D2	0x3000      	MOVLW      0
0x03D3	0x066F      	XORWF      main_kapA_L0+1, 0
0x03D4	0x1D03      	BTFSS      STATUS, 2
0x03D5	0x2BD8      	GOTO       L__main52
0x03D6	0x3066      	MOVLW      102
0x03D7	0x066E      	XORWF      main_kapA_L0, 0
L__main52:
0x03D8	0x1903      	BTFSC      STATUS, 2
0x03D9	0x2BE3      	GOTO       L__main43
0x03DA	0x3000      	MOVLW      0
0x03DB	0x066F      	XORWF      main_kapA_L0+1, 0
0x03DC	0x1D03      	BTFSS      STATUS, 2
0x03DD	0x2BE0      	GOTO       L__main53
0x03DE	0x3000      	MOVLW      0
0x03DF	0x066E      	XORWF      main_kapA_L0, 0
L__main53:
0x03E0	0x1903      	BTFSC      STATUS, 2
0x03E1	0x2BE3      	GOTO       L__main43
0x03E2	0x2BE7      	GOTO       L_main25
L__main43:
;CicekSulama.c,149 :: 		kapA = 0;
0x03E3	0x01EE      	CLRF       main_kapA_L0
0x03E4	0x01EF      	CLRF       main_kapA_L0+1
;CicekSulama.c,150 :: 		PORTE.B1 = 1;
0x03E5	0x1283      	BCF        STATUS, 5
0x03E6	0x1489      	BSF        PORTE, 1
;CicekSulama.c,151 :: 		}
L_main25:
;CicekSulama.c,153 :: 		InttoStr(kapA,txt);
0x03E7	0x1683      	BSF        STATUS, 5
0x03E8	0x086E      	MOVF       main_kapA_L0, 0
0x03E9	0x1283      	BCF        STATUS, 5
0x03EA	0x1703      	BSF        STATUS, 6
0x03EB	0x00C9      	MOVWF      FARG_IntToStr_input
0x03EC	0x1683      	BSF        STATUS, 5
0x03ED	0x1303      	BCF        STATUS, 6
0x03EE	0x086F      	MOVF       main_kapA_L0+1, 0
0x03EF	0x1283      	BCF        STATUS, 5
0x03F0	0x1703      	BSF        STATUS, 6
0x03F1	0x00CA      	MOVWF      FARG_IntToStr_input+1
0x03F2	0x3067      	MOVLW      _txt
0x03F3	0x00CB      	MOVWF      FARG_IntToStr_output
0x03F4	0x2119      	CALL       _IntToStr
;CicekSulama.c,154 :: 		Lcd_Out(1,1," A kabi degeri: ");
0x03F5	0x3001      	MOVLW      1
0x03F6	0x00C9      	MOVWF      FARG_Lcd_Out_row
0x03F7	0x3001      	MOVLW      1
0x03F8	0x00CA      	MOVWF      FARG_Lcd_Out_column
0x03F9	0x3010      	MOVLW      ?lstr6_CicekSulama
0x03FA	0x00CB      	MOVWF      FARG_Lcd_Out_text
0x03FB	0x2183      	CALL       _Lcd_Out
;CicekSulama.c,155 :: 		Lcd_Out(2,5,txt);
0x03FC	0x3002      	MOVLW      2
0x03FD	0x1283      	BCF        STATUS, 5
0x03FE	0x1703      	BSF        STATUS, 6
0x03FF	0x00C9      	MOVWF      FARG_Lcd_Out_row
0x0400	0x3005      	MOVLW      5
0x0401	0x00CA      	MOVWF      FARG_Lcd_Out_column
0x0402	0x3067      	MOVLW      _txt
0x0403	0x00CB      	MOVWF      FARG_Lcd_Out_text
0x0404	0x2183      	CALL       _Lcd_Out
;CicekSulama.c,156 :: 		delay_ms(100);
0x0405	0x3002      	MOVLW      2
0x0406	0x00FB      	MOVWF      R11
0x0407	0x3004      	MOVLW      4
0x0408	0x00FC      	MOVWF      R12
0x0409	0x30BA      	MOVLW      186
0x040A	0x00FD      	MOVWF      R13
L_main26:
0x040B	0x0BFD      	DECFSZ     R13, 1
0x040C	0x2C0B      	GOTO       L_main26
0x040D	0x0BFC      	DECFSZ     R12, 1
0x040E	0x2C0B      	GOTO       L_main26
0x040F	0x0BFB      	DECFSZ     R11, 1
0x0410	0x2C0B      	GOTO       L_main26
0x0411	0x0000      	NOP
;CicekSulama.c,157 :: 		Lcd_Cmd(_LCD_CLEAR);
0x0412	0x3001      	MOVLW      1
0x0413	0x1283      	BCF        STATUS, 5
0x0414	0x1703      	BSF        STATUS, 6
0x0415	0x00D7      	MOVWF      FARG_Lcd_Cmd_out_char
0x0416	0x2037      	CALL       _Lcd_Cmd
;CicekSulama.c,162 :: 		if(toprak < ED) {
0x0417	0x1703      	BSF        STATUS, 6
0x0418	0x0848      	MOVF       main_ED_L0+1, 0
0x0419	0x0246      	SUBWF      main_toprak_L0+1, 0
0x041A	0x1D03      	BTFSS      STATUS, 2
0x041B	0x2C1E      	GOTO       L__main54
0x041C	0x0847      	MOVF       main_ED_L0, 0
0x041D	0x0245      	SUBWF      main_toprak_L0, 0
L__main54:
0x041E	0x1803      	BTFSC      STATUS, 0
0x041F	0x2DB0      	GOTO       L_main27
;CicekSulama.c,164 :: 		if(kapA ==0 && kapB == 0){
0x0420	0x3000      	MOVLW      0
0x0421	0x1683      	BSF        STATUS, 5
0x0422	0x1303      	BCF        STATUS, 6
0x0423	0x066F      	XORWF      main_kapA_L0+1, 0
0x0424	0x1D03      	BTFSS      STATUS, 2
0x0425	0x2C28      	GOTO       L__main55
0x0426	0x3000      	MOVLW      0
0x0427	0x066E      	XORWF      main_kapA_L0, 0
L__main55:
0x0428	0x1D03      	BTFSS      STATUS, 2
0x0429	0x2C35      	GOTO       L_main30
0x042A	0x3000      	MOVLW      0
0x042B	0x1283      	BCF        STATUS, 5
0x042C	0x1703      	BSF        STATUS, 6
0x042D	0x0644      	XORWF      main_kapB_L0+1, 0
0x042E	0x1D03      	BTFSS      STATUS, 2
0x042F	0x2C32      	GOTO       L__main56
0x0430	0x3000      	MOVLW      0
0x0431	0x0643      	XORWF      main_kapB_L0, 0
L__main56:
0x0432	0x1D03      	BTFSS      STATUS, 2
0x0433	0x2C35      	GOTO       L_main30
L__main42:
;CicekSulama.c,165 :: 		continue;
0x0434	0x2A8D      	GOTO       L_main1
;CicekSulama.c,166 :: 		}
L_main30:
;CicekSulama.c,168 :: 		if(kapA == 0){
0x0435	0x3000      	MOVLW      0
0x0436	0x1683      	BSF        STATUS, 5
0x0437	0x1303      	BCF        STATUS, 6
0x0438	0x066F      	XORWF      main_kapA_L0+1, 0
0x0439	0x1D03      	BTFSS      STATUS, 2
0x043A	0x2C3D      	GOTO       L__main57
0x043B	0x3000      	MOVLW      0
0x043C	0x066E      	XORWF      main_kapA_L0, 0
L__main57:
0x043D	0x1D03      	BTFSS      STATUS, 2
0x043E	0x2CF3      	GOTO       L_main31
;CicekSulama.c,170 :: 		Lcd_Out(1,1,"Toprak kuru");
0x043F	0x3001      	MOVLW      1
0x0440	0x1283      	BCF        STATUS, 5
0x0441	0x1703      	BSF        STATUS, 6
0x0442	0x00C9      	MOVWF      FARG_Lcd_Out_row
0x0443	0x3001      	MOVLW      1
0x0444	0x00CA      	MOVWF      FARG_Lcd_Out_column
0x0445	0x30D5      	MOVLW      ?lstr7_CicekSulama
0x0446	0x00CB      	MOVWF      FARG_Lcd_Out_text
0x0447	0x2183      	CALL       _Lcd_Out
;CicekSulama.c,171 :: 		Lcd_Out(2,1,"Motor Acik");
0x0448	0x3002      	MOVLW      2
0x0449	0x1283      	BCF        STATUS, 5
0x044A	0x1703      	BSF        STATUS, 6
0x044B	0x00C9      	MOVWF      FARG_Lcd_Out_row
0x044C	0x3001      	MOVLW      1
0x044D	0x00CA      	MOVWF      FARG_Lcd_Out_column
0x044E	0x30CA      	MOVLW      ?lstr8_CicekSulama
0x044F	0x00CB      	MOVWF      FARG_Lcd_Out_text
0x0450	0x2183      	CALL       _Lcd_Out
;CicekSulama.c,172 :: 		PORTC = 0b11110111;
0x0451	0x30F7      	MOVLW      247
0x0452	0x1283      	BCF        STATUS, 5
0x0453	0x0087      	MOVWF      PORTC
;CicekSulama.c,173 :: 		delay_ms(300);
0x0454	0x3004      	MOVLW      4
0x0455	0x00FB      	MOVWF      R11
0x0456	0x300C      	MOVLW      12
0x0457	0x00FC      	MOVWF      R12
0x0458	0x3033      	MOVLW      51
0x0459	0x00FD      	MOVWF      R13
L_main32:
0x045A	0x0BFD      	DECFSZ     R13, 1
0x045B	0x2C5A      	GOTO       L_main32
0x045C	0x0BFC      	DECFSZ     R12, 1
0x045D	0x2C5A      	GOTO       L_main32
0x045E	0x0BFB      	DECFSZ     R11, 1
0x045F	0x2C5A      	GOTO       L_main32
0x0460	0x0000      	NOP
0x0461	0x0000      	NOP
;CicekSulama.c,174 :: 		PORTC = 0b00000000;
0x0462	0x0187      	CLRF       PORTC
;CicekSulama.c,175 :: 		Lcd_Cmd(_LCD_CLEAR);
0x0463	0x3001      	MOVLW      1
0x0464	0x1703      	BSF        STATUS, 6
0x0465	0x00D7      	MOVWF      FARG_Lcd_Cmd_out_char
0x0466	0x2037      	CALL       _Lcd_Cmd
;CicekSulama.c,176 :: 		kapB = kapB - ((ED - toprak) + 5);
0x0467	0x1703      	BSF        STATUS, 6
0x0468	0x0845      	MOVF       main_toprak_L0, 0
0x0469	0x0247      	SUBWF      main_ED_L0, 0
0x046A	0x00F0      	MOVWF      R0
0x046B	0x0846      	MOVF       main_toprak_L0+1, 0
0x046C	0x1C03      	BTFSS      STATUS, 0
0x046D	0x3E01      	ADDLW      1
0x046E	0x0248      	SUBWF      main_ED_L0+1, 0
0x046F	0x00F1      	MOVWF      R0+1
0x0470	0x3005      	MOVLW      5
0x0471	0x07F0      	ADDWF      R0, 1
0x0472	0x1803      	BTFSC      STATUS, 0
0x0473	0x0AF1      	INCF       R0+1, 1
0x0474	0x0870      	MOVF       R0, 0
0x0475	0x02C3      	SUBWF      main_kapB_L0, 1
0x0476	0x1C03      	BTFSS      STATUS, 0
0x0477	0x03C4      	DECF       main_kapB_L0+1, 1
0x0478	0x0871      	MOVF       R0+1, 0
0x0479	0x02C4      	SUBWF      main_kapB_L0+1, 1
;CicekSulama.c,177 :: 		toprak = ED + 5 ;
0x047A	0x3005      	MOVLW      5
0x047B	0x0747      	ADDWF      main_ED_L0, 0
0x047C	0x00F1      	MOVWF      R1
0x047D	0x0848      	MOVF       main_ED_L0+1, 0
0x047E	0x1803      	BTFSC      STATUS, 0
0x047F	0x3E01      	ADDLW      1
0x0480	0x00F2      	MOVWF      R1+1
0x0481	0x0871      	MOVF       R1, 0
0x0482	0x00C5      	MOVWF      main_toprak_L0
0x0483	0x0872      	MOVF       R1+1, 0
0x0484	0x00C6      	MOVWF      main_toprak_L0+1
;CicekSulama.c,179 :: 		if(toprak >100){
0x0485	0x0872      	MOVF       R1+1, 0
0x0486	0x3C00      	SUBLW      0
0x0487	0x1D03      	BTFSS      STATUS, 2
0x0488	0x2C8B      	GOTO       L__main58
0x0489	0x0871      	MOVF       R1, 0
0x048A	0x3C64      	SUBLW      100
L__main58:
0x048B	0x1803      	BTFSC      STATUS, 0
0x048C	0x2C91      	GOTO       L_main33
;CicekSulama.c,180 :: 		toprak = 100;
0x048D	0x3064      	MOVLW      100
0x048E	0x00C5      	MOVWF      main_toprak_L0
0x048F	0x3000      	MOVLW      0
0x0490	0x00C6      	MOVWF      main_toprak_L0+1
;CicekSulama.c,182 :: 		}
L_main33:
;CicekSulama.c,184 :: 		if(kapB < 0){
0x0491	0x3000      	MOVLW      0
0x0492	0x0244      	SUBWF      main_kapB_L0+1, 0
0x0493	0x1D03      	BTFSS      STATUS, 2
0x0494	0x2C97      	GOTO       L__main59
0x0495	0x3000      	MOVLW      0
0x0496	0x0243      	SUBWF      main_kapB_L0, 0
L__main59:
0x0497	0x1803      	BTFSC      STATUS, 0
0x0498	0x2C9D      	GOTO       L_main34
;CicekSulama.c,185 :: 		kapA = 0;
0x0499	0x1683      	BSF        STATUS, 5
0x049A	0x1303      	BCF        STATUS, 6
0x049B	0x01EE      	CLRF       main_kapA_L0
0x049C	0x01EF      	CLRF       main_kapA_L0+1
;CicekSulama.c,187 :: 		}
L_main34:
;CicekSulama.c,189 :: 		InttoStr(toprak,txt);
0x049D	0x1283      	BCF        STATUS, 5
0x049E	0x1703      	BSF        STATUS, 6
0x049F	0x0845      	MOVF       main_toprak_L0, 0
0x04A0	0x00C9      	MOVWF      FARG_IntToStr_input
0x04A1	0x0846      	MOVF       main_toprak_L0+1, 0
0x04A2	0x00CA      	MOVWF      FARG_IntToStr_input+1
0x04A3	0x3067      	MOVLW      _txt
0x04A4	0x00CB      	MOVWF      FARG_IntToStr_output
0x04A5	0x2119      	CALL       _IntToStr
;CicekSulama.c,190 :: 		Lcd_Out(1,1,"Toprak nemi: ");
0x04A6	0x3001      	MOVLW      1
0x04A7	0x00C9      	MOVWF      FARG_Lcd_Out_row
0x04A8	0x3001      	MOVLW      1
0x04A9	0x00CA      	MOVWF      FARG_Lcd_Out_column
0x04AA	0x3032      	MOVLW      ?lstr9_CicekSulama
0x04AB	0x00CB      	MOVWF      FARG_Lcd_Out_text
0x04AC	0x2183      	CALL       _Lcd_Out
;CicekSulama.c,191 :: 		Lcd_Out(2,5,txt);
0x04AD	0x3002      	MOVLW      2
0x04AE	0x1283      	BCF        STATUS, 5
0x04AF	0x1703      	BSF        STATUS, 6
0x04B0	0x00C9      	MOVWF      FARG_Lcd_Out_row
0x04B1	0x3005      	MOVLW      5
0x04B2	0x00CA      	MOVWF      FARG_Lcd_Out_column
0x04B3	0x3067      	MOVLW      _txt
0x04B4	0x00CB      	MOVWF      FARG_Lcd_Out_text
0x04B5	0x2183      	CALL       _Lcd_Out
;CicekSulama.c,192 :: 		delay_ms(100);
0x04B6	0x3002      	MOVLW      2
0x04B7	0x00FB      	MOVWF      R11
0x04B8	0x3004      	MOVLW      4
0x04B9	0x00FC      	MOVWF      R12
0x04BA	0x30BA      	MOVLW      186
0x04BB	0x00FD      	MOVWF      R13
L_main35:
0x04BC	0x0BFD      	DECFSZ     R13, 1
0x04BD	0x2CBC      	GOTO       L_main35
0x04BE	0x0BFC      	DECFSZ     R12, 1
0x04BF	0x2CBC      	GOTO       L_main35
0x04C0	0x0BFB      	DECFSZ     R11, 1
0x04C1	0x2CBC      	GOTO       L_main35
0x04C2	0x0000      	NOP
;CicekSulama.c,193 :: 		Lcd_Cmd(_LCD_CLEAR);
0x04C3	0x3001      	MOVLW      1
0x04C4	0x1283      	BCF        STATUS, 5
0x04C5	0x1703      	BSF        STATUS, 6
0x04C6	0x00D7      	MOVWF      FARG_Lcd_Cmd_out_char
0x04C7	0x2037      	CALL       _Lcd_Cmd
;CicekSulama.c,195 :: 		InttoStr(kapB,txt);
0x04C8	0x1703      	BSF        STATUS, 6
0x04C9	0x0843      	MOVF       main_kapB_L0, 0
0x04CA	0x00C9      	MOVWF      FARG_IntToStr_input
0x04CB	0x0844      	MOVF       main_kapB_L0+1, 0
0x04CC	0x00CA      	MOVWF      FARG_IntToStr_input+1
0x04CD	0x3067      	MOVLW      _txt
0x04CE	0x00CB      	MOVWF      FARG_IntToStr_output
0x04CF	0x2119      	CALL       _IntToStr
;CicekSulama.c,196 :: 		Lcd_Out(1,1," B kabi degeri: ");
0x04D0	0x3001      	MOVLW      1
0x04D1	0x00C9      	MOVWF      FARG_Lcd_Out_row
0x04D2	0x3001      	MOVLW      1
0x04D3	0x00CA      	MOVWF      FARG_Lcd_Out_column
0x04D4	0x3021      	MOVLW      ?lstr10_CicekSulama
0x04D5	0x00CB      	MOVWF      FARG_Lcd_Out_text
0x04D6	0x2183      	CALL       _Lcd_Out
;CicekSulama.c,197 :: 		Lcd_Out(2,5,txt);
0x04D7	0x3002      	MOVLW      2
0x04D8	0x1283      	BCF        STATUS, 5
0x04D9	0x1703      	BSF        STATUS, 6
0x04DA	0x00C9      	MOVWF      FARG_Lcd_Out_row
0x04DB	0x3005      	MOVLW      5
0x04DC	0x00CA      	MOVWF      FARG_Lcd_Out_column
0x04DD	0x3067      	MOVLW      _txt
0x04DE	0x00CB      	MOVWF      FARG_Lcd_Out_text
0x04DF	0x2183      	CALL       _Lcd_Out
;CicekSulama.c,198 :: 		delay_ms(100);
0x04E0	0x3002      	MOVLW      2
0x04E1	0x00FB      	MOVWF      R11
0x04E2	0x3004      	MOVLW      4
0x04E3	0x00FC      	MOVWF      R12
0x04E4	0x30BA      	MOVLW      186
0x04E5	0x00FD      	MOVWF      R13
L_main36:
0x04E6	0x0BFD      	DECFSZ     R13, 1
0x04E7	0x2CE6      	GOTO       L_main36
0x04E8	0x0BFC      	DECFSZ     R12, 1
0x04E9	0x2CE6      	GOTO       L_main36
0x04EA	0x0BFB      	DECFSZ     R11, 1
0x04EB	0x2CE6      	GOTO       L_main36
0x04EC	0x0000      	NOP
;CicekSulama.c,199 :: 		Lcd_Cmd(_LCD_CLEAR);
0x04ED	0x3001      	MOVLW      1
0x04EE	0x1283      	BCF        STATUS, 5
0x04EF	0x1703      	BSF        STATUS, 6
0x04F0	0x00D7      	MOVWF      FARG_Lcd_Cmd_out_char
0x04F1	0x2037      	CALL       _Lcd_Cmd
;CicekSulama.c,202 :: 		continue;
0x04F2	0x2A8D      	GOTO       L_main1
;CicekSulama.c,204 :: 		}
L_main31:
0x04F3	0x1283      	BCF        STATUS, 5
;CicekSulama.c,206 :: 		Lcd_Out(1,1,"Toprak kuru");
0x04F4	0x3001      	MOVLW      1
0x04F5	0x1703      	BSF        STATUS, 6
0x04F6	0x00C9      	MOVWF      FARG_Lcd_Out_row
0x04F7	0x3001      	MOVLW      1
0x04F8	0x00CA      	MOVWF      FARG_Lcd_Out_column
0x04F9	0x30E1      	MOVLW      ?lstr11_CicekSulama
0x04FA	0x00CB      	MOVWF      FARG_Lcd_Out_text
0x04FB	0x2183      	CALL       _Lcd_Out
;CicekSulama.c,207 :: 		Lcd_Out(2,1,"Motor Acik");
0x04FC	0x3002      	MOVLW      2
0x04FD	0x1283      	BCF        STATUS, 5
0x04FE	0x1703      	BSF        STATUS, 6
0x04FF	0x00C9      	MOVWF      FARG_Lcd_Out_row
0x0500	0x3001      	MOVLW      1
0x0501	0x00CA      	MOVWF      FARG_Lcd_Out_column
0x0502	0x30BF      	MOVLW      ?lstr12_CicekSulama
0x0503	0x00CB      	MOVWF      FARG_Lcd_Out_text
0x0504	0x2183      	CALL       _Lcd_Out
;CicekSulama.c,208 :: 		PORTC = 0b11111101;
0x0505	0x30FD      	MOVLW      253
0x0506	0x1283      	BCF        STATUS, 5
0x0507	0x0087      	MOVWF      PORTC
;CicekSulama.c,209 :: 		delay_ms(300);
0x0508	0x3004      	MOVLW      4
0x0509	0x00FB      	MOVWF      R11
0x050A	0x300C      	MOVLW      12
0x050B	0x00FC      	MOVWF      R12
0x050C	0x3033      	MOVLW      51
0x050D	0x00FD      	MOVWF      R13
L_main37:
0x050E	0x0BFD      	DECFSZ     R13, 1
0x050F	0x2D0E      	GOTO       L_main37
0x0510	0x0BFC      	DECFSZ     R12, 1
0x0511	0x2D0E      	GOTO       L_main37
0x0512	0x0BFB      	DECFSZ     R11, 1
0x0513	0x2D0E      	GOTO       L_main37
0x0514	0x0000      	NOP
0x0515	0x0000      	NOP
;CicekSulama.c,210 :: 		PORTC = 0b00000000;
0x0516	0x0187      	CLRF       PORTC
;CicekSulama.c,211 :: 		Lcd_Cmd(_LCD_CLEAR);
0x0517	0x3001      	MOVLW      1
0x0518	0x1703      	BSF        STATUS, 6
0x0519	0x00D7      	MOVWF      FARG_Lcd_Cmd_out_char
0x051A	0x2037      	CALL       _Lcd_Cmd
;CicekSulama.c,212 :: 		kapA = kapA - ((ED - toprak) + 5);
0x051B	0x1703      	BSF        STATUS, 6
0x051C	0x0845      	MOVF       main_toprak_L0, 0
0x051D	0x0247      	SUBWF      main_ED_L0, 0
0x051E	0x00F0      	MOVWF      R0
0x051F	0x0846      	MOVF       main_toprak_L0+1, 0
0x0520	0x1C03      	BTFSS      STATUS, 0
0x0521	0x3E01      	ADDLW      1
0x0522	0x0248      	SUBWF      main_ED_L0+1, 0
0x0523	0x00F1      	MOVWF      R0+1
0x0524	0x3005      	MOVLW      5
0x0525	0x07F0      	ADDWF      R0, 1
0x0526	0x1803      	BTFSC      STATUS, 0
0x0527	0x0AF1      	INCF       R0+1, 1
0x0528	0x0870      	MOVF       R0, 0
0x0529	0x1683      	BSF        STATUS, 5
0x052A	0x1303      	BCF        STATUS, 6
0x052B	0x02EE      	SUBWF      main_kapA_L0, 1
0x052C	0x1C03      	BTFSS      STATUS, 0
0x052D	0x03EF      	DECF       main_kapA_L0+1, 1
0x052E	0x0871      	MOVF       R0+1, 0
0x052F	0x02EF      	SUBWF      main_kapA_L0+1, 1
;CicekSulama.c,213 :: 		toprak = ED + 5 ;
0x0530	0x3005      	MOVLW      5
0x0531	0x1283      	BCF        STATUS, 5
0x0532	0x1703      	BSF        STATUS, 6
0x0533	0x0747      	ADDWF      main_ED_L0, 0
0x0534	0x00F1      	MOVWF      R1
0x0535	0x0848      	MOVF       main_ED_L0+1, 0
0x0536	0x1803      	BTFSC      STATUS, 0
0x0537	0x3E01      	ADDLW      1
0x0538	0x00F2      	MOVWF      R1+1
0x0539	0x0871      	MOVF       R1, 0
0x053A	0x00C5      	MOVWF      main_toprak_L0
0x053B	0x0872      	MOVF       R1+1, 0
0x053C	0x00C6      	MOVWF      main_toprak_L0+1
;CicekSulama.c,215 :: 		if(toprak >100){
0x053D	0x0872      	MOVF       R1+1, 0
0x053E	0x3C00      	SUBLW      0
0x053F	0x1D03      	BTFSS      STATUS, 2
0x0540	0x2D43      	GOTO       L__main60
0x0541	0x0871      	MOVF       R1, 0
0x0542	0x3C64      	SUBLW      100
L__main60:
0x0543	0x1803      	BTFSC      STATUS, 0
0x0544	0x2D49      	GOTO       L_main38
;CicekSulama.c,216 :: 		toprak = 100;
0x0545	0x3064      	MOVLW      100
0x0546	0x00C5      	MOVWF      main_toprak_L0
0x0547	0x3000      	MOVLW      0
0x0548	0x00C6      	MOVWF      main_toprak_L0+1
;CicekSulama.c,218 :: 		}
L_main38:
;CicekSulama.c,220 :: 		if(kapA<0){
0x0549	0x3000      	MOVLW      0
0x054A	0x1683      	BSF        STATUS, 5
0x054B	0x1303      	BCF        STATUS, 6
0x054C	0x026F      	SUBWF      main_kapA_L0+1, 0
0x054D	0x1D03      	BTFSS      STATUS, 2
0x054E	0x2D51      	GOTO       L__main61
0x054F	0x3000      	MOVLW      0
0x0550	0x026E      	SUBWF      main_kapA_L0, 0
L__main61:
0x0551	0x1803      	BTFSC      STATUS, 0
0x0552	0x2D55      	GOTO       L_main39
;CicekSulama.c,221 :: 		kapA = 0;
0x0553	0x01EE      	CLRF       main_kapA_L0
0x0554	0x01EF      	CLRF       main_kapA_L0+1
;CicekSulama.c,223 :: 		}
L_main39:
;CicekSulama.c,226 :: 		InttoStr(toprak,txt);
0x0555	0x1283      	BCF        STATUS, 5
0x0556	0x1703      	BSF        STATUS, 6
0x0557	0x0845      	MOVF       main_toprak_L0, 0
0x0558	0x00C9      	MOVWF      FARG_IntToStr_input
0x0559	0x0846      	MOVF       main_toprak_L0+1, 0
0x055A	0x00CA      	MOVWF      FARG_IntToStr_input+1
0x055B	0x3067      	MOVLW      _txt
0x055C	0x00CB      	MOVWF      FARG_IntToStr_output
0x055D	0x2119      	CALL       _IntToStr
;CicekSulama.c,227 :: 		Lcd_Out(1,1,"Toprak nemi: ");
0x055E	0x3001      	MOVLW      1
0x055F	0x00C9      	MOVWF      FARG_Lcd_Out_row
0x0560	0x3001      	MOVLW      1
0x0561	0x00CA      	MOVWF      FARG_Lcd_Out_column
0x0562	0x30B1      	MOVLW      ?lstr13_CicekSulama
0x0563	0x00CB      	MOVWF      FARG_Lcd_Out_text
0x0564	0x2183      	CALL       _Lcd_Out
;CicekSulama.c,228 :: 		Lcd_Out(2,5,txt);
0x0565	0x3002      	MOVLW      2
0x0566	0x1283      	BCF        STATUS, 5
0x0567	0x1703      	BSF        STATUS, 6
0x0568	0x00C9      	MOVWF      FARG_Lcd_Out_row
0x0569	0x3005      	MOVLW      5
0x056A	0x00CA      	MOVWF      FARG_Lcd_Out_column
0x056B	0x3067      	MOVLW      _txt
0x056C	0x00CB      	MOVWF      FARG_Lcd_Out_text
0x056D	0x2183      	CALL       _Lcd_Out
;CicekSulama.c,229 :: 		delay_ms(100);
0x056E	0x3002      	MOVLW      2
0x056F	0x00FB      	MOVWF      R11
0x0570	0x3004      	MOVLW      4
0x0571	0x00FC      	MOVWF      R12
0x0572	0x30BA      	MOVLW      186
0x0573	0x00FD      	MOVWF      R13
L_main40:
0x0574	0x0BFD      	DECFSZ     R13, 1
0x0575	0x2D74      	GOTO       L_main40
0x0576	0x0BFC      	DECFSZ     R12, 1
0x0577	0x2D74      	GOTO       L_main40
0x0578	0x0BFB      	DECFSZ     R11, 1
0x0579	0x2D74      	GOTO       L_main40
0x057A	0x0000      	NOP
;CicekSulama.c,230 :: 		Lcd_Cmd(_LCD_CLEAR);
0x057B	0x3001      	MOVLW      1
0x057C	0x1283      	BCF        STATUS, 5
0x057D	0x1703      	BSF        STATUS, 6
0x057E	0x00D7      	MOVWF      FARG_Lcd_Cmd_out_char
0x057F	0x2037      	CALL       _Lcd_Cmd
;CicekSulama.c,232 :: 		InttoStr(kapA,txt);
0x0580	0x1683      	BSF        STATUS, 5
0x0581	0x086E      	MOVF       main_kapA_L0, 0
0x0582	0x1283      	BCF        STATUS, 5
0x0583	0x1703      	BSF        STATUS, 6
0x0584	0x00C9      	MOVWF      FARG_IntToStr_input
0x0585	0x1683      	BSF        STATUS, 5
0x0586	0x1303      	BCF        STATUS, 6
0x0587	0x086F      	MOVF       main_kapA_L0+1, 0
0x0588	0x1283      	BCF        STATUS, 5
0x0589	0x1703      	BSF        STATUS, 6
0x058A	0x00CA      	MOVWF      FARG_IntToStr_input+1
0x058B	0x3067      	MOVLW      _txt
0x058C	0x00CB      	MOVWF      FARG_IntToStr_output
0x058D	0x2119      	CALL       _IntToStr
;CicekSulama.c,233 :: 		Lcd_Out(1,1," A kabi degeri: ");
0x058E	0x3001      	MOVLW      1
0x058F	0x00C9      	MOVWF      FARG_Lcd_Out_row
0x0590	0x3001      	MOVLW      1
0x0591	0x00CA      	MOVWF      FARG_Lcd_Out_column
0x0592	0x30A0      	MOVLW      ?lstr14_CicekSulama
0x0593	0x00CB      	MOVWF      FARG_Lcd_Out_text
0x0594	0x2183      	CALL       _Lcd_Out
;CicekSulama.c,234 :: 		Lcd_Out(2,5,txt);
0x0595	0x3002      	MOVLW      2
0x0596	0x1283      	BCF        STATUS, 5
0x0597	0x1703      	BSF        STATUS, 6
0x0598	0x00C9      	MOVWF      FARG_Lcd_Out_row
0x0599	0x3005      	MOVLW      5
0x059A	0x00CA      	MOVWF      FARG_Lcd_Out_column
0x059B	0x3067      	MOVLW      _txt
0x059C	0x00CB      	MOVWF      FARG_Lcd_Out_text
0x059D	0x2183      	CALL       _Lcd_Out
;CicekSulama.c,235 :: 		delay_ms(100);
0x059E	0x3002      	MOVLW      2
0x059F	0x00FB      	MOVWF      R11
0x05A0	0x3004      	MOVLW      4
0x05A1	0x00FC      	MOVWF      R12
0x05A2	0x30BA      	MOVLW      186
0x05A3	0x00FD      	MOVWF      R13
L_main41:
0x05A4	0x0BFD      	DECFSZ     R13, 1
0x05A5	0x2DA4      	GOTO       L_main41
0x05A6	0x0BFC      	DECFSZ     R12, 1
0x05A7	0x2DA4      	GOTO       L_main41
0x05A8	0x0BFB      	DECFSZ     R11, 1
0x05A9	0x2DA4      	GOTO       L_main41
0x05AA	0x0000      	NOP
;CicekSulama.c,236 :: 		Lcd_Cmd(_LCD_CLEAR);
0x05AB	0x3001      	MOVLW      1
0x05AC	0x1283      	BCF        STATUS, 5
0x05AD	0x1703      	BSF        STATUS, 6
0x05AE	0x00D7      	MOVWF      FARG_Lcd_Cmd_out_char
0x05AF	0x2037      	CALL       _Lcd_Cmd
;CicekSulama.c,239 :: 		}
L_main27:
;CicekSulama.c,245 :: 		}
0x05B0	0x2A8D      	GOTO       L_main1
;CicekSulama.c,246 :: 		}
L_end_main:
0x05B1	0x2DB1      	GOTO       $+0
; end of _main
0x067C	0x3020      	MOVLW      32
0x067D	0x0084      	MOVWF      FSR
0x067E	0x3046      	MOVLW      70
0x067F	0x1283      	BCF        STATUS, 5
0x0680	0x1303      	BCF        STATUS, 6
0x0681	0x00F0      	MOVWF      R0
0x0682	0x30B7      	MOVLW      183
0x0683	0x00EE      	MOVWF      ___DoICPAddr
0x0684	0x3005      	MOVLW      5
0x0685	0x00EF      	MOVWF      111
0x0686	0x21E1      	CALL       481
0x0687	0x30A0      	MOVLW      160
0x0688	0x0084      	MOVWF      FSR
0x0689	0x302A      	MOVLW      42
0x068A	0x1283      	BCF        STATUS, 5
0x068B	0x00F0      	MOVWF      R0
0x068C	0x30FD      	MOVLW      253
0x068D	0x00EE      	MOVWF      ___DoICPAddr
0x068E	0x3005      	MOVLW      5
0x068F	0x00EF      	MOVWF      111
0x0690	0x21E1      	CALL       481
0x0691	0x3066      	MOVLW      102
0x0692	0x0084      	MOVWF      FSR
0x0693	0x3001      	MOVLW      1
0x0694	0x1283      	BCF        STATUS, 5
0x0695	0x00F0      	MOVWF      R0
0x0696	0x307A      	MOVLW      122
0x0697	0x00EE      	MOVWF      ___DoICPAddr
0x0698	0x3006      	MOVLW      6
0x0699	0x00EF      	MOVWF      111
0x069A	0x21E1      	CALL       481
0x069B	0x30CA      	MOVLW      202
0x069C	0x0084      	MOVWF      FSR
0x069D	0x3017      	MOVLW      23
0x069E	0x1283      	BCF        STATUS, 5
0x069F	0x00F0      	MOVWF      R0
0x06A0	0x3046      	MOVLW      70
0x06A1	0x00EE      	MOVWF      ___DoICPAddr
0x06A2	0x3006      	MOVLW      6
0x06A3	0x00EF      	MOVWF      111
0x06A4	0x21E1      	CALL       481
0x06A5	0x3010      	MOVLW      272
0x06A6	0x1783      	BSF        STATUS, 7
0x06A7	0x0084      	MOVWF      FSR
0x06A8	0x3011      	MOVLW      17
0x06A9	0x1283      	BCF        STATUS, 5
0x06AA	0x00F0      	MOVWF      R0
0x06AB	0x305D      	MOVLW      93
0x06AC	0x00EE      	MOVWF      ___DoICPAddr
0x06AD	0x3006      	MOVLW      6
0x06AE	0x00EF      	MOVWF      111
0x06AF	0x21E1      	CALL       481
0x06B0	0x1383      	BCF        STATUS, 7
0x06B1	0x30E1      	MOVLW      225
0x06B2	0x0084      	MOVWF      FSR
0x06B3	0x300C      	MOVLW      12
0x06B4	0x1283      	BCF        STATUS, 5
0x06B5	0x00F0      	MOVWF      R0
0x06B6	0x306E      	MOVLW      110
0x06B7	0x00EE      	MOVWF      ___DoICPAddr
0x06B8	0x3006      	MOVLW      6
0x06B9	0x00EF      	MOVWF      111
0x06BA	0x21E1      	CALL       481
0x06BB	0x3021      	MOVLW      289
0x06BC	0x1783      	BSF        STATUS, 7
0x06BD	0x0084      	MOVWF      FSR
0x06BE	0x301F      	MOVLW      31
0x06BF	0x1283      	BCF        STATUS, 5
0x06C0	0x00F0      	MOVWF      R0
0x06C1	0x3027      	MOVLW      39
0x06C2	0x00EE      	MOVWF      ___DoICPAddr
0x06C3	0x3006      	MOVLW      6
0x06C4	0x00EF      	MOVWF      111
0x06C5	0x21E1      	CALL       481
0x06C6	0x1383      	BCF        STATUS, 7
0x06C7	0x0008      	RETURN
;CicekSulama.c,0 :: ?ICS?lstr4_CicekSulama
0x05B7	0x3454 ;?ICS?lstr4_CicekSulama+0
0x05B8	0x346F ;?ICS?lstr4_CicekSulama+1
0x05B9	0x3470 ;?ICS?lstr4_CicekSulama+2
0x05BA	0x3472 ;?ICS?lstr4_CicekSulama+3
0x05BB	0x3461 ;?ICS?lstr4_CicekSulama+4
0x05BC	0x346B ;?ICS?lstr4_CicekSulama+5
0x05BD	0x3420 ;?ICS?lstr4_CicekSulama+6
0x05BE	0x346E ;?ICS?lstr4_CicekSulama+7
0x05BF	0x3465 ;?ICS?lstr4_CicekSulama+8
0x05C0	0x346D ;?ICS?lstr4_CicekSulama+9
0x05C1	0x3469 ;?ICS?lstr4_CicekSulama+10
0x05C2	0x343A ;?ICS?lstr4_CicekSulama+11
0x05C3	0x3420 ;?ICS?lstr4_CicekSulama+12
0x05C4	0x3400 ;?ICS?lstr4_CicekSulama+13
; end of ?ICS?lstr4_CicekSulama
;CicekSulama.c,0 :: ?ICS?lstr3_CicekSulama
0x05C5	0x3445 ;?ICS?lstr3_CicekSulama+0
0x05C6	0x3473 ;?ICS?lstr3_CicekSulama+1
0x05C7	0x3469 ;?ICS?lstr3_CicekSulama+2
0x05C8	0x346B ;?ICS?lstr3_CicekSulama+3
0x05C9	0x3420 ;?ICS?lstr3_CicekSulama+4
0x05CA	0x3444 ;?ICS?lstr3_CicekSulama+5
0x05CB	0x3465 ;?ICS?lstr3_CicekSulama+6
0x05CC	0x3467 ;?ICS?lstr3_CicekSulama+7
0x05CD	0x3465 ;?ICS?lstr3_CicekSulama+8
0x05CE	0x3472 ;?ICS?lstr3_CicekSulama+9
0x05CF	0x343A ;?ICS?lstr3_CicekSulama+10
0x05D0	0x3420 ;?ICS?lstr3_CicekSulama+11
0x05D1	0x3400 ;?ICS?lstr3_CicekSulama+12
; end of ?ICS?lstr3_CicekSulama
;CicekSulama.c,0 :: ?ICS?lstr2_CicekSulama
0x05D2	0x3420 ;?ICS?lstr2_CicekSulama+0
0x05D3	0x3453 ;?ICS?lstr2_CicekSulama+1
0x05D4	0x3469 ;?ICS?lstr2_CicekSulama+2
0x05D5	0x3473 ;?ICS?lstr2_CicekSulama+3
0x05D6	0x3474 ;?ICS?lstr2_CicekSulama+4
0x05D7	0x3465 ;?ICS?lstr2_CicekSulama+5
0x05D8	0x346D ;?ICS?lstr2_CicekSulama+6
0x05D9	0x3469 ;?ICS?lstr2_CicekSulama+7
0x05DA	0x3420 ;?ICS?lstr2_CicekSulama+8
0x05DB	0x3400 ;?ICS?lstr2_CicekSulama+9
; end of ?ICS?lstr2_CicekSulama
;CicekSulama.c,0 :: ?ICS?lstr1_CicekSulama
0x05DC	0x3420 ;?ICS?lstr1_CicekSulama+0
0x05DD	0x3441 ;?ICS?lstr1_CicekSulama+1
0x05DE	0x346B ;?ICS?lstr1_CicekSulama+2
0x05DF	0x3469 ;?ICS?lstr1_CicekSulama+3
0x05E0	0x346C ;?ICS?lstr1_CicekSulama+4
0x05E1	0x346C ;?ICS?lstr1_CicekSulama+5
0x05E2	0x3469 ;?ICS?lstr1_CicekSulama+6
0x05E3	0x3420 ;?ICS?lstr1_CicekSulama+7
0x05E4	0x3453 ;?ICS?lstr1_CicekSulama+8
0x05E5	0x3475 ;?ICS?lstr1_CicekSulama+9
0x05E6	0x346C ;?ICS?lstr1_CicekSulama+10
0x05E7	0x3461 ;?ICS?lstr1_CicekSulama+11
0x05E8	0x346D ;?ICS?lstr1_CicekSulama+12
0x05E9	0x3461 ;?ICS?lstr1_CicekSulama+13
0x05EA	0x3420 ;?ICS?lstr1_CicekSulama+14
0x05EB	0x3400 ;?ICS?lstr1_CicekSulama+15
; end of ?ICS?lstr1_CicekSulama
;CicekSulama.c,0 :: ?ICS?lstr5_CicekSulama
0x05EC	0x3420 ;?ICS?lstr5_CicekSulama+0
0x05ED	0x3442 ;?ICS?lstr5_CicekSulama+1
0x05EE	0x3420 ;?ICS?lstr5_CicekSulama+2
0x05EF	0x346B ;?ICS?lstr5_CicekSulama+3
0x05F0	0x3461 ;?ICS?lstr5_CicekSulama+4
0x05F1	0x3462 ;?ICS?lstr5_CicekSulama+5
0x05F2	0x3469 ;?ICS?lstr5_CicekSulama+6
0x05F3	0x3420 ;?ICS?lstr5_CicekSulama+7
0x05F4	0x3464 ;?ICS?lstr5_CicekSulama+8
0x05F5	0x3465 ;?ICS?lstr5_CicekSulama+9
0x05F6	0x3467 ;?ICS?lstr5_CicekSulama+10
0x05F7	0x3465 ;?ICS?lstr5_CicekSulama+11
0x05F8	0x3472 ;?ICS?lstr5_CicekSulama+12
0x05F9	0x3469 ;?ICS?lstr5_CicekSulama+13
0x05FA	0x343A ;?ICS?lstr5_CicekSulama+14
0x05FB	0x3420 ;?ICS?lstr5_CicekSulama+15
0x05FC	0x3400 ;?ICS?lstr5_CicekSulama+16
; end of ?ICS?lstr5_CicekSulama
;CicekSulama.c,0 :: ?ICS?lstr14_CicekSulama
0x05FD	0x3420 ;?ICS?lstr14_CicekSulama+0
0x05FE	0x3441 ;?ICS?lstr14_CicekSulama+1
0x05FF	0x3420 ;?ICS?lstr14_CicekSulama+2
0x0600	0x346B ;?ICS?lstr14_CicekSulama+3
0x0601	0x3461 ;?ICS?lstr14_CicekSulama+4
0x0602	0x3462 ;?ICS?lstr14_CicekSulama+5
0x0603	0x3469 ;?ICS?lstr14_CicekSulama+6
0x0604	0x3420 ;?ICS?lstr14_CicekSulama+7
0x0605	0x3464 ;?ICS?lstr14_CicekSulama+8
0x0606	0x3465 ;?ICS?lstr14_CicekSulama+9
0x0607	0x3467 ;?ICS?lstr14_CicekSulama+10
0x0608	0x3465 ;?ICS?lstr14_CicekSulama+11
0x0609	0x3472 ;?ICS?lstr14_CicekSulama+12
0x060A	0x3469 ;?ICS?lstr14_CicekSulama+13
0x060B	0x343A ;?ICS?lstr14_CicekSulama+14
0x060C	0x3420 ;?ICS?lstr14_CicekSulama+15
0x060D	0x3400 ;?ICS?lstr14_CicekSulama+16
; end of ?ICS?lstr14_CicekSulama
;CicekSulama.c,0 :: ?ICS?lstr13_CicekSulama
0x060E	0x3454 ;?ICS?lstr13_CicekSulama+0
0x060F	0x346F ;?ICS?lstr13_CicekSulama+1
0x0610	0x3470 ;?ICS?lstr13_CicekSulama+2
0x0611	0x3472 ;?ICS?lstr13_CicekSulama+3
0x0612	0x3461 ;?ICS?lstr13_CicekSulama+4
0x0613	0x346B ;?ICS?lstr13_CicekSulama+5
0x0614	0x3420 ;?ICS?lstr13_CicekSulama+6
0x0615	0x346E ;?ICS?lstr13_CicekSulama+7
0x0616	0x3465 ;?ICS?lstr13_CicekSulama+8
0x0617	0x346D ;?ICS?lstr13_CicekSulama+9
0x0618	0x3469 ;?ICS?lstr13_CicekSulama+10
0x0619	0x343A ;?ICS?lstr13_CicekSulama+11
0x061A	0x3420 ;?ICS?lstr13_CicekSulama+12
0x061B	0x3400 ;?ICS?lstr13_CicekSulama+13
; end of ?ICS?lstr13_CicekSulama
;CicekSulama.c,0 :: ?ICS?lstr12_CicekSulama
0x061C	0x344D ;?ICS?lstr12_CicekSulama+0
0x061D	0x346F ;?ICS?lstr12_CicekSulama+1
0x061E	0x3474 ;?ICS?lstr12_CicekSulama+2
0x061F	0x346F ;?ICS?lstr12_CicekSulama+3
0x0620	0x3472 ;?ICS?lstr12_CicekSulama+4
0x0621	0x3420 ;?ICS?lstr12_CicekSulama+5
0x0622	0x3441 ;?ICS?lstr12_CicekSulama+6
0x0623	0x3463 ;?ICS?lstr12_CicekSulama+7
0x0624	0x3469 ;?ICS?lstr12_CicekSulama+8
0x0625	0x346B ;?ICS?lstr12_CicekSulama+9
0x0626	0x3400 ;?ICS?lstr12_CicekSulama+10
; end of ?ICS?lstr12_CicekSulama
;CicekSulama.c,0 :: ?ICS?lstr10_CicekSulama
0x0627	0x3420 ;?ICS?lstr10_CicekSulama+0
0x0628	0x3442 ;?ICS?lstr10_CicekSulama+1
0x0629	0x3420 ;?ICS?lstr10_CicekSulama+2
0x062A	0x346B ;?ICS?lstr10_CicekSulama+3
0x062B	0x3461 ;?ICS?lstr10_CicekSulama+4
0x062C	0x3462 ;?ICS?lstr10_CicekSulama+5
0x062D	0x3469 ;?ICS?lstr10_CicekSulama+6
0x062E	0x3420 ;?ICS?lstr10_CicekSulama+7
0x062F	0x3464 ;?ICS?lstr10_CicekSulama+8
0x0630	0x3465 ;?ICS?lstr10_CicekSulama+9
0x0631	0x3467 ;?ICS?lstr10_CicekSulama+10
0x0632	0x3465 ;?ICS?lstr10_CicekSulama+11
0x0633	0x3472 ;?ICS?lstr10_CicekSulama+12
0x0634	0x3469 ;?ICS?lstr10_CicekSulama+13
0x0635	0x343A ;?ICS?lstr10_CicekSulama+14
0x0636	0x3420 ;?ICS?lstr10_CicekSulama+15
0x0637	0x3400 ;?ICS?lstr10_CicekSulama+16
; end of ?ICS?lstr10_CicekSulama
;CicekSulama.c,0 :: ?ICS?lstr9_CicekSulama
0x0638	0x3454 ;?ICS?lstr9_CicekSulama+0
0x0639	0x346F ;?ICS?lstr9_CicekSulama+1
0x063A	0x3470 ;?ICS?lstr9_CicekSulama+2
0x063B	0x3472 ;?ICS?lstr9_CicekSulama+3
0x063C	0x3461 ;?ICS?lstr9_CicekSulama+4
0x063D	0x346B ;?ICS?lstr9_CicekSulama+5
0x063E	0x3420 ;?ICS?lstr9_CicekSulama+6
0x063F	0x346E ;?ICS?lstr9_CicekSulama+7
0x0640	0x3465 ;?ICS?lstr9_CicekSulama+8
0x0641	0x346D ;?ICS?lstr9_CicekSulama+9
0x0642	0x3469 ;?ICS?lstr9_CicekSulama+10
0x0643	0x343A ;?ICS?lstr9_CicekSulama+11
0x0644	0x3420 ;?ICS?lstr9_CicekSulama+12
0x0645	0x3400 ;?ICS?lstr9_CicekSulama+13
; end of ?ICS?lstr9_CicekSulama
;CicekSulama.c,0 :: ?ICS?lstr8_CicekSulama
0x0646	0x344D ;?ICS?lstr8_CicekSulama+0
0x0647	0x346F ;?ICS?lstr8_CicekSulama+1
0x0648	0x3474 ;?ICS?lstr8_CicekSulama+2
0x0649	0x346F ;?ICS?lstr8_CicekSulama+3
0x064A	0x3472 ;?ICS?lstr8_CicekSulama+4
0x064B	0x3420 ;?ICS?lstr8_CicekSulama+5
0x064C	0x3441 ;?ICS?lstr8_CicekSulama+6
0x064D	0x3463 ;?ICS?lstr8_CicekSulama+7
0x064E	0x3469 ;?ICS?lstr8_CicekSulama+8
0x064F	0x346B ;?ICS?lstr8_CicekSulama+9
0x0650	0x3400 ;?ICS?lstr8_CicekSulama+10
; end of ?ICS?lstr8_CicekSulama
;CicekSulama.c,0 :: ?ICS?lstr7_CicekSulama
0x0651	0x3454 ;?ICS?lstr7_CicekSulama+0
0x0652	0x346F ;?ICS?lstr7_CicekSulama+1
0x0653	0x3470 ;?ICS?lstr7_CicekSulama+2
0x0654	0x3472 ;?ICS?lstr7_CicekSulama+3
0x0655	0x3461 ;?ICS?lstr7_CicekSulama+4
0x0656	0x346B ;?ICS?lstr7_CicekSulama+5
0x0657	0x3420 ;?ICS?lstr7_CicekSulama+6
0x0658	0x346B ;?ICS?lstr7_CicekSulama+7
0x0659	0x3475 ;?ICS?lstr7_CicekSulama+8
0x065A	0x3472 ;?ICS?lstr7_CicekSulama+9
0x065B	0x3475 ;?ICS?lstr7_CicekSulama+10
0x065C	0x3400 ;?ICS?lstr7_CicekSulama+11
; end of ?ICS?lstr7_CicekSulama
;CicekSulama.c,0 :: ?ICS?lstr6_CicekSulama
0x065D	0x3420 ;?ICS?lstr6_CicekSulama+0
0x065E	0x3441 ;?ICS?lstr6_CicekSulama+1
0x065F	0x3420 ;?ICS?lstr6_CicekSulama+2
0x0660	0x346B ;?ICS?lstr6_CicekSulama+3
0x0661	0x3461 ;?ICS?lstr6_CicekSulama+4
0x0662	0x3462 ;?ICS?lstr6_CicekSulama+5
0x0663	0x3469 ;?ICS?lstr6_CicekSulama+6
0x0664	0x3420 ;?ICS?lstr6_CicekSulama+7
0x0665	0x3464 ;?ICS?lstr6_CicekSulama+8
0x0666	0x3465 ;?ICS?lstr6_CicekSulama+9
0x0667	0x3467 ;?ICS?lstr6_CicekSulama+10
0x0668	0x3465 ;?ICS?lstr6_CicekSulama+11
0x0669	0x3472 ;?ICS?lstr6_CicekSulama+12
0x066A	0x3469 ;?ICS?lstr6_CicekSulama+13
0x066B	0x343A ;?ICS?lstr6_CicekSulama+14
0x066C	0x3420 ;?ICS?lstr6_CicekSulama+15
0x066D	0x3400 ;?ICS?lstr6_CicekSulama+16
; end of ?ICS?lstr6_CicekSulama
;CicekSulama.c,0 :: ?ICS?lstr11_CicekSulama
0x066E	0x3454 ;?ICS?lstr11_CicekSulama+0
0x066F	0x346F ;?ICS?lstr11_CicekSulama+1
0x0670	0x3470 ;?ICS?lstr11_CicekSulama+2
0x0671	0x3472 ;?ICS?lstr11_CicekSulama+3
0x0672	0x3461 ;?ICS?lstr11_CicekSulama+4
0x0673	0x346B ;?ICS?lstr11_CicekSulama+5
0x0674	0x3420 ;?ICS?lstr11_CicekSulama+6
0x0675	0x346B ;?ICS?lstr11_CicekSulama+7
0x0676	0x3475 ;?ICS?lstr11_CicekSulama+8
0x0677	0x3472 ;?ICS?lstr11_CicekSulama+9
0x0678	0x3475 ;?ICS?lstr11_CicekSulama+10
0x0679	0x3400 ;?ICS?lstr11_CicekSulama+11
; end of ?ICS?lstr11_CicekSulama
;__Lib_ADC_88X.c,0 :: ?ICS_vref_mask
0x067A	0x3430 ;?ICS_vref_mask+0
; end of ?ICS_vref_mask
Symbol List:
//** Routines locations **
//ADDRESS    SIZE    PROCEDURE
//----------------------------------------------
0x0003       [3]    _Delay_1us
0x0006       [7]    _Delay_50us
0x000D      [13]    _Delay_5500us
0x001A      [29]    _Div_16X16_U
0x0037      [94]    _Lcd_Cmd
0x0095       [8]    _Delay_22us
0x009D      [11]    _Lcd_Chr_CP
0x00A8      [66]    _WordToStr
0x00EA       [7]    _____DoICP
0x00F1      [40]    _ADC_Read
0x0119     [106]    _IntToStr
0x0183      [71]    _Lcd_Out
0x01CA      [23]    _ADC_Init
0x01E1      [12]    ___CC2DW
0x01ED      [79]    _Lcd_Init
0x023C     [885]    _main
//** Variables locations ** 
//ADDRESS    SIZE    VARIABLE
//----------------------------------------------
0x0000       [1]    INDF
0x0002       [1]    PCL
0x0003       [1]    STATUS
0x0004       [1]    FSR
0x0006       [1]    PORTB
0x0007       [1]    PORTC
0x0008       [0]    LCD_EN
0x0008       [0]    LCD_D4
0x0008       [0]    LCD_RS
0x0008       [0]    LCD_D5
0x0008       [0]    LCD_D6
0x0008       [0]    LCD_D7
0x0008       [0]    RD5_bit
0x0008       [0]    RD2_bit
0x0008       [0]    RD1_bit
0x0008       [0]    RD0_bit
0x0008       [0]    RD4_bit
0x0008       [0]    RD3_bit
0x0009       [1]    PORTE
0x000A       [1]    PCLATH
0x000E       [1]    TMR1L
0x000F       [1]    TMR1H
0x0010       [1]    T1CON
0x001E       [1]    ADRESH
0x001F       [1]    ADCON0
0x0020      [14]    ?lstr4_CicekSulama
0x002E      [13]    ?lstr3_CicekSulama
0x003B      [10]    ?lstr2_CicekSulama
0x0045      [16]    ?lstr1_CicekSulama
0x0055      [17]    ?lstr5_CicekSulama
0x0066       [1]    _vref_mask
0x0067       [7]    _txt
0x006E       [2]    ___DoICPAddr
0x0070       [1]    R0
0x0071       [1]    R1
0x0072       [1]    R2
0x0073       [1]    R3
0x0074       [1]    R4
0x0075       [1]    R5
0x0076       [1]    R6
0x0077       [1]    R7
0x0078       [1]    R8
0x0079       [1]    R9
0x007A       [1]    R10
0x007B       [1]    R11
0x007C       [1]    R12
0x007D       [1]    R13
0x007E       [1]    R14
0x007F       [1]    R15
0x0086       [1]    TRISB
0x0087       [1]    TRISC
0x0088       [0]    TRISD2_bit
0x0088       [0]    TRISD1_bit
0x0088       [0]    TRISD4_bit
0x0088       [0]    TRISD3_bit
0x0088       [0]    TRISD5_bit
0x0088       [0]    TRISD0_bit
0x0088       [0]    LCD_D7_Direction
0x0088       [0]    LCD_D6_Direction
0x0088       [0]    LCD_EN_Direction
0x0088       [0]    LCD_RS_Direction
0x0088       [0]    LCD_D5_Direction
0x0088       [0]    LCD_D4_Direction
0x0089       [1]    TRISE
0x009E       [1]    ADRESL
0x009F       [1]    ADCON1
0x00A0      [17]    ?lstr14_CicekSulama
0x00B1      [14]    ?lstr13_CicekSulama
0x00BF      [11]    ?lstr12_CicekSulama
0x00CA      [11]    ?lstr8_CicekSulama
0x00D5      [12]    ?lstr7_CicekSulama
0x00E1      [12]    ?lstr11_CicekSulama
0x00ED       [0]    __Lib_Lcd_cmd_status
0x00EE       [2]    main_kapA_L0
0x0110      [17]    ?lstr6_CicekSulama
0x0121      [17]    ?lstr10_CicekSulama
0x0132      [14]    ?lstr9_CicekSulama
0x0140       [3]    _ADC_Get_Sample_Ptr
0x0143       [2]    main_kapB_L0
0x0145       [2]    main_toprak_L0
0x0147       [2]    main_ED_L0
0x0149       [1]    FARG_ADC_Read_channel
0x0149       [1]    FARG_Lcd_Out_row
0x0149       [2]    FARG_IntToStr_input
0x014A       [1]    FARG_Lcd_Out_column
0x014B       [1]    FARG_IntToStr_output
0x014B       [1]    FARG_Lcd_Out_text
0x014C       [1]    Lcd_Out_i_L0
0x014C       [2]    IntToStr_i_L0
0x014E       [2]    IntToStr_negative_L0
0x0150       [2]    IntToStr_inword_L0
0x0152       [2]    FARG_WordToStr_input
0x0152       [1]    FARG_Lcd_Chr_CP_out_char
0x0154       [1]    FARG_WordToStr_output
0x0155       [1]    WordToStr_len_L0
0x0156       [1]    FLOC__WordToStr
0x0157       [1]    FARG_Lcd_Cmd_out_char
0x0188       [1]    ANSEL
0x0189       [1]    ANSELH
//** Constants locations ** 
//ADDRESS    SIZE    CONSTANT
//----------------------------------------------
0x05B7      [14]    ?ICS?lstr4_CicekSulama
0x05C5      [13]    ?ICS?lstr3_CicekSulama
0x05D2      [10]    ?ICS?lstr2_CicekSulama
0x05DC      [16]    ?ICS?lstr1_CicekSulama
0x05EC      [17]    ?ICS?lstr5_CicekSulama
0x05FD      [17]    ?ICS?lstr14_CicekSulama
0x060E      [14]    ?ICS?lstr13_CicekSulama
0x061C      [11]    ?ICS?lstr12_CicekSulama
0x0627      [17]    ?ICS?lstr10_CicekSulama
0x0638      [14]    ?ICS?lstr9_CicekSulama
0x0646      [11]    ?ICS?lstr8_CicekSulama
0x0651      [12]    ?ICS?lstr7_CicekSulama
0x065D      [17]    ?ICS?lstr6_CicekSulama
0x066E      [12]    ?ICS?lstr11_CicekSulama
0x067A       [1]    ?ICS_vref_mask
